2025-10-30 17:06:20 [::1][-][-][warning][sso.sync] SSO auto-login failed: Getting unknown property: yii\web\Application::sso
    in C:\xampp\htdocs\research\controllers\SiteController.php:104
2025-10-30 17:06:20 [::1][-][-][info][application] $_GET = []

$_POST = []

$_FILES = []

$_COOKIE = [
    '_csrf' => '9fffcb41bbd56a9209636e1c3ddce5a920643fa96f64ecef3244815686f04f4fa:2:{i:0;s:5:\"_csrf\";i:1;s:32:\"5aWpFoBZBp2ZmX1cX17eKaOgcrRrFNw0\";}'
    'PHPSESSID' => 'q14mo4v8grdu3jihj05b10muci'
    'research-ssid' => 'pfnjo7s842mh43jngv5ih0j80l'
]

$_SESSION = [
    '__flash' => []
    '__returnUrl' => 'http://localhost/research/account'
]

$_SERVER = [
    'REDIRECT_REDIRECT_MIBDIRS' => 'C:/xampp/php/extras/mibs'
    'REDIRECT_REDIRECT_MYSQL_HOME' => '\\xampp\\mysql\\bin'
    'REDIRECT_REDIRECT_OPENSSL_CONF' => 'C:/xampp/apache/bin/openssl.cnf'
    'REDIRECT_REDIRECT_PHP_PEAR_SYSCONF_DIR' => '\\xampp\\php'
    'REDIRECT_REDIRECT_PHPRC' => '\\xampp\\php'
    'REDIRECT_REDIRECT_TMP' => '\\xampp\\tmp'
    'REDIRECT_REDIRECT_STATUS' => '200'
    'REDIRECT_MIBDIRS' => 'C:/xampp/php/extras/mibs'
    'REDIRECT_MYSQL_HOME' => '\\xampp\\mysql\\bin'
    'REDIRECT_OPENSSL_CONF' => 'C:/xampp/apache/bin/openssl.cnf'
    'REDIRECT_PHP_PEAR_SYSCONF_DIR' => '\\xampp\\php'
    'REDIRECT_PHPRC' => '\\xampp\\php'
    'REDIRECT_TMP' => '\\xampp\\tmp'
    'REDIRECT_STATUS' => '200'
    'MIBDIRS' => 'C:/xampp/php/extras/mibs'
    'MYSQL_HOME' => '\\xampp\\mysql\\bin'
    'OPENSSL_CONF' => 'C:/xampp/apache/bin/openssl.cnf'
    'PHP_PEAR_SYSCONF_DIR' => '\\xampp\\php'
    'PHPRC' => '\\xampp\\php'
    'TMP' => '\\xampp\\tmp'
    'HTTP_HOST' => 'localhost'
    'HTTP_CONNECTION' => 'keep-alive'
    'HTTP_CACHE_CONTROL' => 'max-age=0'
    'HTTP_SEC_CH_UA' => '\"Microsoft Edge\";v=\"141\", \"Not?A_Brand\";v=\"8\", \"Chromium\";v=\"141\"'
    'HTTP_SEC_CH_UA_MOBILE' => '?0'
    'HTTP_SEC_CH_UA_PLATFORM' => '\"Windows\"'
    'HTTP_UPGRADE_INSECURE_REQUESTS' => '1'
    'HTTP_USER_AGENT' => 'Mozilla/5.0 (Windows NT 10.0; Win64; x64) AppleWebKit/537.36 (KHTML, like Gecko) Chrome/141.0.0.0 Safari/537.36 Edg/141.0.0.0'
    'HTTP_ACCEPT' => 'text/html,application/xhtml+xml,application/xml;q=0.9,image/avif,image/webp,image/apng,*/*;q=0.8,application/signed-exchange;v=b3;q=0.7'
    'HTTP_SEC_FETCH_SITE' => 'same-origin'
    'HTTP_SEC_FETCH_MODE' => 'navigate'
    'HTTP_SEC_FETCH_USER' => '?1'
    'HTTP_SEC_FETCH_DEST' => 'document'
    'HTTP_REFERER' => 'http://localhost/research/'
    'HTTP_ACCEPT_ENCODING' => 'gzip, deflate, br, zstd'
    'HTTP_ACCEPT_LANGUAGE' => 'en-US,en;q=0.9,th;q=0.8'
    'HTTP_COOKIE' => '_csrf=9fffcb41bbd56a9209636e1c3ddce5a920643fa96f64ecef3244815686f04f4fa%3A2%3A%7Bi%3A0%3Bs%3A5%3A%22_csrf%22%3Bi%3A1%3Bs%3A32%3A%225aWpFoBZBp2ZmX1cX17eKaOgcrRrFNw0%22%3B%7D; PHPSESSID=q14mo4v8grdu3jihj05b10muci; research-ssid=pfnjo7s842mh43jngv5ih0j80l'
    'PATH' => 'C:\\Python313\\Scripts\\;C:\\Python313\\;C:\\Windows\\system32;C:\\Windows;C:\\Windows\\System32\\Wbem;C:\\Windows\\System32\\WindowsPowerShell\\v1.0\\;C:\\Windows\\System32\\OpenSSH\\;C:\\ProgramData\\chocolatey\\bin;C:\\xampp\\php;C:\\ProgramData\\ComposerSetup\\bin;C:\\Program Files\\Git\\cmd;C:\\Program Files\\nodejs\\;C:\\Users\\teera\\AppData\\Local\\Microsoft\\WindowsApps;C:\\Users\\teera\\AppData\\Local\\Programs\\Microsoft VS Code\\bin;C:\\Users\\teera\\AppData\\Roaming\\Composer\\vendor\\bin;C:\\Users\\teera\\AppData\\Local\\GitHubDesktop\\bin;C:\\Users\\teera\\AppData\\Roaming\\npm'
    'SystemRoot' => 'C:\\Windows'
    'COMSPEC' => 'C:\\Windows\\system32\\cmd.exe'
    'PATHEXT' => '.COM;.EXE;.BAT;.CMD;.VBS;.VBE;.JS;.JSE;.WSF;.WSH;.MSC;.PY;.PYW'
    'WINDIR' => 'C:\\Windows'
    'SERVER_SIGNATURE' => '<address>Apache/2.4.58 (Win64) OpenSSL/3.1.3 PHP/8.2.12 Server at localhost Port 80</address>
'
    'SERVER_SOFTWARE' => 'Apache/2.4.58 (Win64) OpenSSL/3.1.3 PHP/8.2.12'
    'SERVER_NAME' => 'localhost'
    'SERVER_ADDR' => '::1'
    'SERVER_PORT' => '80'
    'REMOTE_ADDR' => '::1'
    'DOCUMENT_ROOT' => 'C:/xampp/htdocs'
    'REQUEST_SCHEME' => 'http'
    'CONTEXT_PREFIX' => ''
    'CONTEXT_DOCUMENT_ROOT' => 'C:/xampp/htdocs'
    'SERVER_ADMIN' => 'postmaster@localhost'
    'SCRIPT_FILENAME' => 'C:/xampp/htdocs/research/web/index.php'
    'REMOTE_PORT' => '58134'
    'REDIRECT_URL' => '/research/web/site/login'
    'GATEWAY_INTERFACE' => 'CGI/1.1'
    'SERVER_PROTOCOL' => 'HTTP/1.1'
    'REQUEST_METHOD' => 'GET'
    'QUERY_STRING' => ''
    'REQUEST_URI' => '/research/site/login'
    'SCRIPT_NAME' => '/research/web/index.php'
    'PHP_SELF' => '/research/web/index.php'
    'REQUEST_TIME_FLOAT' => 1761840380.7768
    'REQUEST_TIME' => 1761840380
]
2025-10-30 17:06:21 [::1][-][-][error][yii\web\HttpException:404] yii\base\InvalidRouteException: Unable to resolve the request "template/berry/js/icon/custom-font.js". in C:\xampp\htdocs\research\vendor\yiisoft\yii2\base\Module.php:564
Stack trace:
#0 C:\xampp\htdocs\research\vendor\yiisoft\yii2\web\Application.php(103): yii\base\Module->runAction('template/berry/...', Array)
#1 C:\xampp\htdocs\research\vendor\yiisoft\yii2\base\Application.php(387): yii\web\Application->handleRequest(Object(yii\web\Request))
#2 C:\xampp\htdocs\research\web\index.php(12): yii\base\Application->run()
#3 {main}

Next yii\web\NotFoundHttpException: Page not found. in C:\xampp\htdocs\research\vendor\yiisoft\yii2\web\Application.php:115
Stack trace:
#0 C:\xampp\htdocs\research\vendor\yiisoft\yii2\base\Application.php(387): yii\web\Application->handleRequest(Object(yii\web\Request))
#1 C:\xampp\htdocs\research\web\index.php(12): yii\base\Application->run()
#2 {main}
2025-10-30 17:06:21 [::1][-][-][info][application] $_GET = []

$_POST = []

$_FILES = []

$_COOKIE = [
    '_csrf' => '9fffcb41bbd56a9209636e1c3ddce5a920643fa96f64ecef3244815686f04f4fa:2:{i:0;s:5:\"_csrf\";i:1;s:32:\"5aWpFoBZBp2ZmX1cX17eKaOgcrRrFNw0\";}'
    'PHPSESSID' => 'q14mo4v8grdu3jihj05b10muci'
    'research-ssid' => 'pfnjo7s842mh43jngv5ih0j80l'
]

$_SERVER = [
    'REDIRECT_REDIRECT_MIBDIRS' => 'C:/xampp/php/extras/mibs'
    'REDIRECT_REDIRECT_MYSQL_HOME' => '\\xampp\\mysql\\bin'
    'REDIRECT_REDIRECT_OPENSSL_CONF' => 'C:/xampp/apache/bin/openssl.cnf'
    'REDIRECT_REDIRECT_PHP_PEAR_SYSCONF_DIR' => '\\xampp\\php'
    'REDIRECT_REDIRECT_PHPRC' => '\\xampp\\php'
    'REDIRECT_REDIRECT_TMP' => '\\xampp\\tmp'
    'REDIRECT_REDIRECT_STATUS' => '200'
    'REDIRECT_MIBDIRS' => 'C:/xampp/php/extras/mibs'
    'REDIRECT_MYSQL_HOME' => '\\xampp\\mysql\\bin'
    'REDIRECT_OPENSSL_CONF' => 'C:/xampp/apache/bin/openssl.cnf'
    'REDIRECT_PHP_PEAR_SYSCONF_DIR' => '\\xampp\\php'
    'REDIRECT_PHPRC' => '\\xampp\\php'
    'REDIRECT_TMP' => '\\xampp\\tmp'
    'REDIRECT_STATUS' => '200'
    'MIBDIRS' => 'C:/xampp/php/extras/mibs'
    'MYSQL_HOME' => '\\xampp\\mysql\\bin'
    'OPENSSL_CONF' => 'C:/xampp/apache/bin/openssl.cnf'
    'PHP_PEAR_SYSCONF_DIR' => '\\xampp\\php'
    'PHPRC' => '\\xampp\\php'
    'TMP' => '\\xampp\\tmp'
    'HTTP_HOST' => 'localhost'
    'HTTP_CONNECTION' => 'keep-alive'
    'HTTP_SEC_CH_UA_PLATFORM' => '\"Windows\"'
    'HTTP_USER_AGENT' => 'Mozilla/5.0 (Windows NT 10.0; Win64; x64) AppleWebKit/537.36 (KHTML, like Gecko) Chrome/141.0.0.0 Safari/537.36 Edg/141.0.0.0'
    'HTTP_SEC_CH_UA' => '\"Microsoft Edge\";v=\"141\", \"Not?A_Brand\";v=\"8\", \"Chromium\";v=\"141\"'
    'HTTP_SEC_CH_UA_MOBILE' => '?0'
    'HTTP_ACCEPT' => '*/*'
    'HTTP_SEC_FETCH_SITE' => 'same-origin'
    'HTTP_SEC_FETCH_MODE' => 'no-cors'
    'HTTP_SEC_FETCH_DEST' => 'script'
    'HTTP_REFERER' => 'http://localhost/research/site/login'
    'HTTP_ACCEPT_ENCODING' => 'gzip, deflate, br, zstd'
    'HTTP_ACCEPT_LANGUAGE' => 'en-US,en;q=0.9,th;q=0.8'
    'HTTP_COOKIE' => '_csrf=9fffcb41bbd56a9209636e1c3ddce5a920643fa96f64ecef3244815686f04f4fa%3A2%3A%7Bi%3A0%3Bs%3A5%3A%22_csrf%22%3Bi%3A1%3Bs%3A32%3A%225aWpFoBZBp2ZmX1cX17eKaOgcrRrFNw0%22%3B%7D; PHPSESSID=q14mo4v8grdu3jihj05b10muci; research-ssid=pfnjo7s842mh43jngv5ih0j80l'
    'PATH' => 'C:\\Python313\\Scripts\\;C:\\Python313\\;C:\\Windows\\system32;C:\\Windows;C:\\Windows\\System32\\Wbem;C:\\Windows\\System32\\WindowsPowerShell\\v1.0\\;C:\\Windows\\System32\\OpenSSH\\;C:\\ProgramData\\chocolatey\\bin;C:\\xampp\\php;C:\\ProgramData\\ComposerSetup\\bin;C:\\Program Files\\Git\\cmd;C:\\Program Files\\nodejs\\;C:\\Users\\teera\\AppData\\Local\\Microsoft\\WindowsApps;C:\\Users\\teera\\AppData\\Local\\Programs\\Microsoft VS Code\\bin;C:\\Users\\teera\\AppData\\Roaming\\Composer\\vendor\\bin;C:\\Users\\teera\\AppData\\Local\\GitHubDesktop\\bin;C:\\Users\\teera\\AppData\\Roaming\\npm'
    'SystemRoot' => 'C:\\Windows'
    'COMSPEC' => 'C:\\Windows\\system32\\cmd.exe'
    'PATHEXT' => '.COM;.EXE;.BAT;.CMD;.VBS;.VBE;.JS;.JSE;.WSF;.WSH;.MSC;.PY;.PYW'
    'WINDIR' => 'C:\\Windows'
    'SERVER_SIGNATURE' => '<address>Apache/2.4.58 (Win64) OpenSSL/3.1.3 PHP/8.2.12 Server at localhost Port 80</address>
'
    'SERVER_SOFTWARE' => 'Apache/2.4.58 (Win64) OpenSSL/3.1.3 PHP/8.2.12'
    'SERVER_NAME' => 'localhost'
    'SERVER_ADDR' => '::1'
    'SERVER_PORT' => '80'
    'REMOTE_ADDR' => '::1'
    'DOCUMENT_ROOT' => 'C:/xampp/htdocs'
    'REQUEST_SCHEME' => 'http'
    'CONTEXT_PREFIX' => ''
    'CONTEXT_DOCUMENT_ROOT' => 'C:/xampp/htdocs'
    'SERVER_ADMIN' => 'postmaster@localhost'
    'SCRIPT_FILENAME' => 'C:/xampp/htdocs/research/web/index.php'
    'REMOTE_PORT' => '58906'
    'REDIRECT_URL' => '/research/web/template/berry/js/icon/custom-font.js'
    'GATEWAY_INTERFACE' => 'CGI/1.1'
    'SERVER_PROTOCOL' => 'HTTP/1.1'
    'REQUEST_METHOD' => 'GET'
    'QUERY_STRING' => ''
    'REQUEST_URI' => '/research/template/berry/js/icon/custom-font.js'
    'SCRIPT_NAME' => '/research/web/index.php'
    'PHP_SELF' => '/research/web/index.php'
    'REQUEST_TIME_FLOAT' => 1761840381.5766
    'REQUEST_TIME' => 1761840381
]
2025-10-30 17:07:18 [::1][-][pfnjo7s842mh43jngv5ih0j80l][error][yii\db\Exception] PDOException: SQLSTATE[HY000] [2002] No connection could be made because the target machine actively refused it in C:\xampp\htdocs\research\vendor\yiisoft\yii2\db\Connection.php:722
Stack trace:
#0 C:\xampp\htdocs\research\vendor\yiisoft\yii2\db\Connection.php(722): PDO->__construct('mysql:host=loca...', 'lascinfo', Object(SensitiveParameterValue), NULL)
#1 C:\xampp\htdocs\research\vendor\yiisoft\yii2\db\Connection.php(637): yii\db\Connection->createPdoInstance()
#2 C:\xampp\htdocs\research\vendor\yiisoft\yii2\db\Connection.php(1067): yii\db\Connection->open()
#3 C:\xampp\htdocs\research\vendor\yiisoft\yii2\db\Connection.php(1054): yii\db\Connection->getMasterPdo()
#4 C:\xampp\htdocs\research\vendor\yiisoft\yii2\db\Command.php(261): yii\db\Connection->getSlavePdo(true)
#5 C:\xampp\htdocs\research\vendor\yiisoft\yii2\db\Command.php(1181): yii\db\Command->prepare(true)
#6 C:\xampp\htdocs\research\vendor\yiisoft\yii2\db\Command.php(417): yii\db\Command->queryInternal('fetchAll', NULL)
#7 C:\xampp\htdocs\research\vendor\yiisoft\yii2\db\mysql\Schema.php(366): yii\db\Command->queryAll()
#8 C:\xampp\htdocs\research\vendor\yiisoft\yii2\db\mysql\Schema.php(134): yii\db\mysql\Schema->findColumns(Object(yii\db\TableSchema))
#9 C:\xampp\htdocs\research\vendor\yiisoft\yii2\db\Schema.php(756): yii\db\mysql\Schema->loadTableSchema('tb_user')
#10 C:\xampp\htdocs\research\vendor\yiisoft\yii2\db\Schema.php(192): yii\db\Schema->getTableMetadata('tb_user', 'schema', false)
#11 C:\xampp\htdocs\research\vendor\yiisoft\yii2\db\ActiveRecord.php(445): yii\db\Schema->getTableSchema('tb_user')
#12 C:\xampp\htdocs\research\vendor\yiisoft\yii2\db\ActiveRecord.php(479): yii\db\ActiveRecord::getTableSchema()
#13 C:\xampp\htdocs\research\vendor\yiisoft\yii2\db\BaseActiveRecord.php(498): yii\db\ActiveRecord->attributes()
#14 C:\xampp\htdocs\research\vendor\yiisoft\yii2\db\BaseActiveRecord.php(289): yii\db\BaseActiveRecord->hasAttribute('uid')
#15 C:\xampp\htdocs\research\vendor\yiisoft\yii2\validators\Validator.php(257): yii\db\BaseActiveRecord->__get('uid')
#16 C:\xampp\htdocs\research\vendor\yiisoft\yii2\base\Model.php(389): yii\validators\Validator->validateAttributes(Object(app\models\AccountSearch), Array)
#17 C:\xampp\htdocs\research\models\AccountSearch.php(54): yii\base\Model->validate()
#18 C:\xampp\htdocs\research\controllers\AccountController.php(68): app\models\AccountSearch->search(Array)
#19 [internal function]: app\controllers\AccountController->actionIndex()
#20 C:\xampp\htdocs\research\vendor\yiisoft\yii2\base\InlineAction.php(60): call_user_func_array(Array, Array)
#21 C:\xampp\htdocs\research\vendor\yiisoft\yii2\base\Controller.php(184): yii\base\InlineAction->runWithParams(Array)
#22 C:\xampp\htdocs\research\vendor\yiisoft\yii2\base\Module.php(555): yii\base\Controller->runAction('', Array)
#23 C:\xampp\htdocs\research\vendor\yiisoft\yii2\web\Application.php(103): yii\base\Module->runAction('account', Array)
#24 C:\xampp\htdocs\research\vendor\yiisoft\yii2\base\Application.php(387): yii\web\Application->handleRequest(Object(yii\web\Request))
#25 C:\xampp\htdocs\research\web\index.php(12): yii\base\Application->run()
#26 {main}

Next yii\db\Exception: SQLSTATE[HY000] [2002] No connection could be made because the target machine actively refused it in C:\xampp\htdocs\research\vendor\yiisoft\yii2\db\Connection.php:648
Stack trace:
#0 C:\xampp\htdocs\research\vendor\yiisoft\yii2\db\Connection.php(1067): yii\db\Connection->open()
#1 C:\xampp\htdocs\research\vendor\yiisoft\yii2\db\Connection.php(1054): yii\db\Connection->getMasterPdo()
#2 C:\xampp\htdocs\research\vendor\yiisoft\yii2\db\Command.php(261): yii\db\Connection->getSlavePdo(true)
#3 C:\xampp\htdocs\research\vendor\yiisoft\yii2\db\Command.php(1181): yii\db\Command->prepare(true)
#4 C:\xampp\htdocs\research\vendor\yiisoft\yii2\db\Command.php(417): yii\db\Command->queryInternal('fetchAll', NULL)
#5 C:\xampp\htdocs\research\vendor\yiisoft\yii2\db\mysql\Schema.php(366): yii\db\Command->queryAll()
#6 C:\xampp\htdocs\research\vendor\yiisoft\yii2\db\mysql\Schema.php(134): yii\db\mysql\Schema->findColumns(Object(yii\db\TableSchema))
#7 C:\xampp\htdocs\research\vendor\yiisoft\yii2\db\Schema.php(756): yii\db\mysql\Schema->loadTableSchema('tb_user')
#8 C:\xampp\htdocs\research\vendor\yiisoft\yii2\db\Schema.php(192): yii\db\Schema->getTableMetadata('tb_user', 'schema', false)
#9 C:\xampp\htdocs\research\vendor\yiisoft\yii2\db\ActiveRecord.php(445): yii\db\Schema->getTableSchema('tb_user')
#10 C:\xampp\htdocs\research\vendor\yiisoft\yii2\db\ActiveRecord.php(479): yii\db\ActiveRecord::getTableSchema()
#11 C:\xampp\htdocs\research\vendor\yiisoft\yii2\db\BaseActiveRecord.php(498): yii\db\ActiveRecord->attributes()
#12 C:\xampp\htdocs\research\vendor\yiisoft\yii2\db\BaseActiveRecord.php(289): yii\db\BaseActiveRecord->hasAttribute('uid')
#13 C:\xampp\htdocs\research\vendor\yiisoft\yii2\validators\Validator.php(257): yii\db\BaseActiveRecord->__get('uid')
#14 C:\xampp\htdocs\research\vendor\yiisoft\yii2\base\Model.php(389): yii\validators\Validator->validateAttributes(Object(app\models\AccountSearch), Array)
#15 C:\xampp\htdocs\research\models\AccountSearch.php(54): yii\base\Model->validate()
#16 C:\xampp\htdocs\research\controllers\AccountController.php(68): app\models\AccountSearch->search(Array)
#17 [internal function]: app\controllers\AccountController->actionIndex()
#18 C:\xampp\htdocs\research\vendor\yiisoft\yii2\base\InlineAction.php(60): call_user_func_array(Array, Array)
#19 C:\xampp\htdocs\research\vendor\yiisoft\yii2\base\Controller.php(184): yii\base\InlineAction->runWithParams(Array)
#20 C:\xampp\htdocs\research\vendor\yiisoft\yii2\base\Module.php(555): yii\base\Controller->runAction('', Array)
#21 C:\xampp\htdocs\research\vendor\yiisoft\yii2\web\Application.php(103): yii\base\Module->runAction('account', Array)
#22 C:\xampp\htdocs\research\vendor\yiisoft\yii2\base\Application.php(387): yii\web\Application->handleRequest(Object(yii\web\Request))
#23 C:\xampp\htdocs\research\web\index.php(12): yii\base\Application->run()
#24 {main}
Additional Information:
Array
(
    [0] => HY000
    [1] => 2002
    [2] => No connection could be made because the target machine actively refused it
)

2025-10-30 17:06:33 [::1][-][pfnjo7s842mh43jngv5ih0j80l][info][application] $_GET = []

$_POST = []

$_FILES = []

$_COOKIE = [
    '_csrf' => '9fffcb41bbd56a9209636e1c3ddce5a920643fa96f64ecef3244815686f04f4fa:2:{i:0;s:5:\"_csrf\";i:1;s:32:\"5aWpFoBZBp2ZmX1cX17eKaOgcrRrFNw0\";}'
    'PHPSESSID' => 'q14mo4v8grdu3jihj05b10muci'
    'research-ssid' => 'pfnjo7s842mh43jngv5ih0j80l'
]

$_SESSION = [
    '__flash' => []
    '__returnUrl' => 'http://localhost/research/researchpro'
]

$_SERVER = [
    'REDIRECT_REDIRECT_MIBDIRS' => 'C:/xampp/php/extras/mibs'
    'REDIRECT_REDIRECT_MYSQL_HOME' => '\\xampp\\mysql\\bin'
    'REDIRECT_REDIRECT_OPENSSL_CONF' => 'C:/xampp/apache/bin/openssl.cnf'
    'REDIRECT_REDIRECT_PHP_PEAR_SYSCONF_DIR' => '\\xampp\\php'
    'REDIRECT_REDIRECT_PHPRC' => '\\xampp\\php'
    'REDIRECT_REDIRECT_TMP' => '\\xampp\\tmp'
    'REDIRECT_REDIRECT_STATUS' => '200'
    'REDIRECT_MIBDIRS' => 'C:/xampp/php/extras/mibs'
    'REDIRECT_MYSQL_HOME' => '\\xampp\\mysql\\bin'
    'REDIRECT_OPENSSL_CONF' => 'C:/xampp/apache/bin/openssl.cnf'
    'REDIRECT_PHP_PEAR_SYSCONF_DIR' => '\\xampp\\php'
    'REDIRECT_PHPRC' => '\\xampp\\php'
    'REDIRECT_TMP' => '\\xampp\\tmp'
    'REDIRECT_STATUS' => '200'
    'MIBDIRS' => 'C:/xampp/php/extras/mibs'
    'MYSQL_HOME' => '\\xampp\\mysql\\bin'
    'OPENSSL_CONF' => 'C:/xampp/apache/bin/openssl.cnf'
    'PHP_PEAR_SYSCONF_DIR' => '\\xampp\\php'
    'PHPRC' => '\\xampp\\php'
    'TMP' => '\\xampp\\tmp'
    'HTTP_HOST' => 'localhost'
    'HTTP_CONNECTION' => 'keep-alive'
    'HTTP_SEC_CH_UA' => '\"Microsoft Edge\";v=\"141\", \"Not?A_Brand\";v=\"8\", \"Chromium\";v=\"141\"'
    'HTTP_SEC_CH_UA_MOBILE' => '?0'
    'HTTP_SEC_CH_UA_PLATFORM' => '\"Windows\"'
    'HTTP_UPGRADE_INSECURE_REQUESTS' => '1'
    'HTTP_USER_AGENT' => 'Mozilla/5.0 (Windows NT 10.0; Win64; x64) AppleWebKit/537.36 (KHTML, like Gecko) Chrome/141.0.0.0 Safari/537.36 Edg/141.0.0.0'
    'HTTP_ACCEPT' => 'text/html,application/xhtml+xml,application/xml;q=0.9,image/avif,image/webp,image/apng,*/*;q=0.8,application/signed-exchange;v=b3;q=0.7'
    'HTTP_SEC_FETCH_SITE' => 'same-origin'
    'HTTP_SEC_FETCH_MODE' => 'navigate'
    'HTTP_SEC_FETCH_USER' => '?1'
    'HTTP_SEC_FETCH_DEST' => 'document'
    'HTTP_REFERER' => 'http://localhost/research/site/login'
    'HTTP_ACCEPT_ENCODING' => 'gzip, deflate, br, zstd'
    'HTTP_ACCEPT_LANGUAGE' => 'en-US,en;q=0.9,th;q=0.8'
    'HTTP_COOKIE' => '_csrf=9fffcb41bbd56a9209636e1c3ddce5a920643fa96f64ecef3244815686f04f4fa%3A2%3A%7Bi%3A0%3Bs%3A5%3A%22_csrf%22%3Bi%3A1%3Bs%3A32%3A%225aWpFoBZBp2ZmX1cX17eKaOgcrRrFNw0%22%3B%7D; PHPSESSID=q14mo4v8grdu3jihj05b10muci; research-ssid=pfnjo7s842mh43jngv5ih0j80l'
    'PATH' => 'C:\\Python313\\Scripts\\;C:\\Python313\\;C:\\Windows\\system32;C:\\Windows;C:\\Windows\\System32\\Wbem;C:\\Windows\\System32\\WindowsPowerShell\\v1.0\\;C:\\Windows\\System32\\OpenSSH\\;C:\\ProgramData\\chocolatey\\bin;C:\\xampp\\php;C:\\ProgramData\\ComposerSetup\\bin;C:\\Program Files\\Git\\cmd;C:\\Program Files\\nodejs\\;C:\\Users\\teera\\AppData\\Local\\Microsoft\\WindowsApps;C:\\Users\\teera\\AppData\\Local\\Programs\\Microsoft VS Code\\bin;C:\\Users\\teera\\AppData\\Roaming\\Composer\\vendor\\bin;C:\\Users\\teera\\AppData\\Local\\GitHubDesktop\\bin;C:\\Users\\teera\\AppData\\Roaming\\npm'
    'SystemRoot' => 'C:\\Windows'
    'COMSPEC' => 'C:\\Windows\\system32\\cmd.exe'
    'PATHEXT' => '.COM;.EXE;.BAT;.CMD;.VBS;.VBE;.JS;.JSE;.WSF;.WSH;.MSC;.PY;.PYW'
    'WINDIR' => 'C:\\Windows'
    'SERVER_SIGNATURE' => '<address>Apache/2.4.58 (Win64) OpenSSL/3.1.3 PHP/8.2.12 Server at localhost Port 80</address>
'
    'SERVER_SOFTWARE' => 'Apache/2.4.58 (Win64) OpenSSL/3.1.3 PHP/8.2.12'
    'SERVER_NAME' => 'localhost'
    'SERVER_ADDR' => '::1'
    'SERVER_PORT' => '80'
    'REMOTE_ADDR' => '::1'
    'DOCUMENT_ROOT' => 'C:/xampp/htdocs'
    'REQUEST_SCHEME' => 'http'
    'CONTEXT_PREFIX' => ''
    'CONTEXT_DOCUMENT_ROOT' => 'C:/xampp/htdocs'
    'SERVER_ADMIN' => 'postmaster@localhost'
    'SCRIPT_FILENAME' => 'C:/xampp/htdocs/research/web/index.php'
    'REMOTE_PORT' => '53032'
    'REDIRECT_URL' => '/research/web/account'
    'GATEWAY_INTERFACE' => 'CGI/1.1'
    'SERVER_PROTOCOL' => 'HTTP/1.1'
    'REQUEST_METHOD' => 'GET'
    'QUERY_STRING' => ''
    'REQUEST_URI' => '/research/account'
    'SCRIPT_NAME' => '/research/web/index.php'
    'PHP_SELF' => '/research/web/index.php'
    'REQUEST_TIME_FLOAT' => 1761840393.9634
    'REQUEST_TIME' => 1761840393
]
2025-10-30 17:07:41 [::1][-][-][error][yii\web\HttpException:404] yii\base\InvalidRouteException: Unable to resolve the request "template/berry/js/icon/custom-font.js". in C:\xampp\htdocs\research\vendor\yiisoft\yii2\base\Module.php:564
Stack trace:
#0 C:\xampp\htdocs\research\vendor\yiisoft\yii2\web\Application.php(103): yii\base\Module->runAction('template/berry/...', Array)
#1 C:\xampp\htdocs\research\vendor\yiisoft\yii2\base\Application.php(387): yii\web\Application->handleRequest(Object(yii\web\Request))
#2 C:\xampp\htdocs\research\web\index.php(12): yii\base\Application->run()
#3 {main}

Next yii\web\NotFoundHttpException: Page not found. in C:\xampp\htdocs\research\vendor\yiisoft\yii2\web\Application.php:115
Stack trace:
#0 C:\xampp\htdocs\research\vendor\yiisoft\yii2\base\Application.php(387): yii\web\Application->handleRequest(Object(yii\web\Request))
#1 C:\xampp\htdocs\research\web\index.php(12): yii\base\Application->run()
#2 {main}
2025-10-30 17:07:41 [::1][-][-][info][application] $_GET = []

$_POST = []

$_FILES = []

$_COOKIE = [
    '_csrf' => '9fffcb41bbd56a9209636e1c3ddce5a920643fa96f64ecef3244815686f04f4fa:2:{i:0;s:5:\"_csrf\";i:1;s:32:\"5aWpFoBZBp2ZmX1cX17eKaOgcrRrFNw0\";}'
    'PHPSESSID' => 'q14mo4v8grdu3jihj05b10muci'
    'research-ssid' => 'pfnjo7s842mh43jngv5ih0j80l'
]

$_SERVER = [
    'REDIRECT_REDIRECT_MIBDIRS' => 'C:/xampp/php/extras/mibs'
    'REDIRECT_REDIRECT_MYSQL_HOME' => '\\xampp\\mysql\\bin'
    'REDIRECT_REDIRECT_OPENSSL_CONF' => 'C:/xampp/apache/bin/openssl.cnf'
    'REDIRECT_REDIRECT_PHP_PEAR_SYSCONF_DIR' => '\\xampp\\php'
    'REDIRECT_REDIRECT_PHPRC' => '\\xampp\\php'
    'REDIRECT_REDIRECT_TMP' => '\\xampp\\tmp'
    'REDIRECT_REDIRECT_STATUS' => '200'
    'REDIRECT_MIBDIRS' => 'C:/xampp/php/extras/mibs'
    'REDIRECT_MYSQL_HOME' => '\\xampp\\mysql\\bin'
    'REDIRECT_OPENSSL_CONF' => 'C:/xampp/apache/bin/openssl.cnf'
    'REDIRECT_PHP_PEAR_SYSCONF_DIR' => '\\xampp\\php'
    'REDIRECT_PHPRC' => '\\xampp\\php'
    'REDIRECT_TMP' => '\\xampp\\tmp'
    'REDIRECT_STATUS' => '200'
    'MIBDIRS' => 'C:/xampp/php/extras/mibs'
    'MYSQL_HOME' => '\\xampp\\mysql\\bin'
    'OPENSSL_CONF' => 'C:/xampp/apache/bin/openssl.cnf'
    'PHP_PEAR_SYSCONF_DIR' => '\\xampp\\php'
    'PHPRC' => '\\xampp\\php'
    'TMP' => '\\xampp\\tmp'
    'HTTP_HOST' => 'localhost'
    'HTTP_CONNECTION' => 'keep-alive'
    'HTTP_SEC_CH_UA_PLATFORM' => '\"Windows\"'
    'HTTP_USER_AGENT' => 'Mozilla/5.0 (Windows NT 10.0; Win64; x64) AppleWebKit/537.36 (KHTML, like Gecko) Chrome/141.0.0.0 Safari/537.36 Edg/141.0.0.0'
    'HTTP_SEC_CH_UA' => '\"Microsoft Edge\";v=\"141\", \"Not?A_Brand\";v=\"8\", \"Chromium\";v=\"141\"'
    'HTTP_SEC_CH_UA_MOBILE' => '?0'
    'HTTP_ACCEPT' => '*/*'
    'HTTP_SEC_FETCH_SITE' => 'same-origin'
    'HTTP_SEC_FETCH_MODE' => 'no-cors'
    'HTTP_SEC_FETCH_DEST' => 'script'
    'HTTP_REFERER' => 'http://localhost/research/'
    'HTTP_ACCEPT_ENCODING' => 'gzip, deflate, br, zstd'
    'HTTP_ACCEPT_LANGUAGE' => 'en-US,en;q=0.9,th;q=0.8'
    'HTTP_COOKIE' => '_csrf=9fffcb41bbd56a9209636e1c3ddce5a920643fa96f64ecef3244815686f04f4fa%3A2%3A%7Bi%3A0%3Bs%3A5%3A%22_csrf%22%3Bi%3A1%3Bs%3A32%3A%225aWpFoBZBp2ZmX1cX17eKaOgcrRrFNw0%22%3B%7D; PHPSESSID=q14mo4v8grdu3jihj05b10muci; research-ssid=pfnjo7s842mh43jngv5ih0j80l'
    'PATH' => 'C:\\Python313\\Scripts\\;C:\\Python313\\;C:\\Windows\\system32;C:\\Windows;C:\\Windows\\System32\\Wbem;C:\\Windows\\System32\\WindowsPowerShell\\v1.0\\;C:\\Windows\\System32\\OpenSSH\\;C:\\ProgramData\\chocolatey\\bin;C:\\xampp\\php;C:\\ProgramData\\ComposerSetup\\bin;C:\\Program Files\\Git\\cmd;C:\\Program Files\\nodejs\\;C:\\Users\\teera\\AppData\\Local\\Microsoft\\WindowsApps;C:\\Users\\teera\\AppData\\Local\\Programs\\Microsoft VS Code\\bin;C:\\Users\\teera\\AppData\\Roaming\\Composer\\vendor\\bin;C:\\Users\\teera\\AppData\\Local\\GitHubDesktop\\bin;C:\\Users\\teera\\AppData\\Roaming\\npm'
    'SystemRoot' => 'C:\\Windows'
    'COMSPEC' => 'C:\\Windows\\system32\\cmd.exe'
    'PATHEXT' => '.COM;.EXE;.BAT;.CMD;.VBS;.VBE;.JS;.JSE;.WSF;.WSH;.MSC;.PY;.PYW'
    'WINDIR' => 'C:\\Windows'
    'SERVER_SIGNATURE' => '<address>Apache/2.4.58 (Win64) OpenSSL/3.1.3 PHP/8.2.12 Server at localhost Port 80</address>
'
    'SERVER_SOFTWARE' => 'Apache/2.4.58 (Win64) OpenSSL/3.1.3 PHP/8.2.12'
    'SERVER_NAME' => 'localhost'
    'SERVER_ADDR' => '::1'
    'SERVER_PORT' => '80'
    'REMOTE_ADDR' => '::1'
    'DOCUMENT_ROOT' => 'C:/xampp/htdocs'
    'REQUEST_SCHEME' => 'http'
    'CONTEXT_PREFIX' => ''
    'CONTEXT_DOCUMENT_ROOT' => 'C:/xampp/htdocs'
    'SERVER_ADMIN' => 'postmaster@localhost'
    'SCRIPT_FILENAME' => 'C:/xampp/htdocs/research/web/index.php'
    'REMOTE_PORT' => '63084'
    'REDIRECT_URL' => '/research/web/template/berry/js/icon/custom-font.js'
    'GATEWAY_INTERFACE' => 'CGI/1.1'
    'SERVER_PROTOCOL' => 'HTTP/1.1'
    'REQUEST_METHOD' => 'GET'
    'QUERY_STRING' => ''
    'REQUEST_URI' => '/research/template/berry/js/icon/custom-font.js'
    'SCRIPT_NAME' => '/research/web/index.php'
    'PHP_SELF' => '/research/web/index.php'
    'REQUEST_TIME_FLOAT' => 1761840461.6255
    'REQUEST_TIME' => 1761840461
]
2025-10-30 17:24:35 [::1][-][-][error][yii\web\HttpException:404] yii\base\InvalidRouteException: Unable to resolve the request "template/berry/js/icon/custom-font.js". in C:\xampp\htdocs\research\vendor\yiisoft\yii2\base\Module.php:564
Stack trace:
#0 C:\xampp\htdocs\research\vendor\yiisoft\yii2\web\Application.php(103): yii\base\Module->runAction('template/berry/...', Array)
#1 C:\xampp\htdocs\research\vendor\yiisoft\yii2\base\Application.php(387): yii\web\Application->handleRequest(Object(yii\web\Request))
#2 C:\xampp\htdocs\research\web\index.php(12): yii\base\Application->run()
#3 {main}

Next yii\web\NotFoundHttpException: Page not found. in C:\xampp\htdocs\research\vendor\yiisoft\yii2\web\Application.php:115
Stack trace:
#0 C:\xampp\htdocs\research\vendor\yiisoft\yii2\base\Application.php(387): yii\web\Application->handleRequest(Object(yii\web\Request))
#1 C:\xampp\htdocs\research\web\index.php(12): yii\base\Application->run()
#2 {main}
2025-10-30 17:24:35 [::1][-][-][info][application] $_GET = []

$_POST = []

$_FILES = []

$_COOKIE = [
    '_csrf' => '9fffcb41bbd56a9209636e1c3ddce5a920643fa96f64ecef3244815686f04f4fa:2:{i:0;s:5:\"_csrf\";i:1;s:32:\"5aWpFoBZBp2ZmX1cX17eKaOgcrRrFNw0\";}'
    'PHPSESSID' => 'q14mo4v8grdu3jihj05b10muci'
    'research-ssid' => 'pfnjo7s842mh43jngv5ih0j80l'
]

$_SERVER = [
    'REDIRECT_REDIRECT_MIBDIRS' => 'C:/xampp/php/extras/mibs'
    'REDIRECT_REDIRECT_MYSQL_HOME' => '\\xampp\\mysql\\bin'
    'REDIRECT_REDIRECT_OPENSSL_CONF' => 'C:/xampp/apache/bin/openssl.cnf'
    'REDIRECT_REDIRECT_PHP_PEAR_SYSCONF_DIR' => '\\xampp\\php'
    'REDIRECT_REDIRECT_PHPRC' => '\\xampp\\php'
    'REDIRECT_REDIRECT_TMP' => '\\xampp\\tmp'
    'REDIRECT_REDIRECT_STATUS' => '200'
    'REDIRECT_MIBDIRS' => 'C:/xampp/php/extras/mibs'
    'REDIRECT_MYSQL_HOME' => '\\xampp\\mysql\\bin'
    'REDIRECT_OPENSSL_CONF' => 'C:/xampp/apache/bin/openssl.cnf'
    'REDIRECT_PHP_PEAR_SYSCONF_DIR' => '\\xampp\\php'
    'REDIRECT_PHPRC' => '\\xampp\\php'
    'REDIRECT_TMP' => '\\xampp\\tmp'
    'REDIRECT_STATUS' => '200'
    'MIBDIRS' => 'C:/xampp/php/extras/mibs'
    'MYSQL_HOME' => '\\xampp\\mysql\\bin'
    'OPENSSL_CONF' => 'C:/xampp/apache/bin/openssl.cnf'
    'PHP_PEAR_SYSCONF_DIR' => '\\xampp\\php'
    'PHPRC' => '\\xampp\\php'
    'TMP' => '\\xampp\\tmp'
    'HTTP_HOST' => 'localhost'
    'HTTP_CONNECTION' => 'keep-alive'
    'HTTP_SEC_CH_UA_PLATFORM' => '\"Windows\"'
    'HTTP_USER_AGENT' => 'Mozilla/5.0 (Windows NT 10.0; Win64; x64) AppleWebKit/537.36 (KHTML, like Gecko) Chrome/141.0.0.0 Safari/537.36 Edg/141.0.0.0'
    'HTTP_SEC_CH_UA' => '\"Microsoft Edge\";v=\"141\", \"Not?A_Brand\";v=\"8\", \"Chromium\";v=\"141\"'
    'HTTP_SEC_CH_UA_MOBILE' => '?0'
    'HTTP_ACCEPT' => '*/*'
    'HTTP_SEC_FETCH_SITE' => 'same-origin'
    'HTTP_SEC_FETCH_MODE' => 'no-cors'
    'HTTP_SEC_FETCH_DEST' => 'script'
    'HTTP_REFERER' => 'http://localhost/research/'
    'HTTP_ACCEPT_ENCODING' => 'gzip, deflate, br, zstd'
    'HTTP_ACCEPT_LANGUAGE' => 'en-US,en;q=0.9,th;q=0.8'
    'HTTP_COOKIE' => '_csrf=9fffcb41bbd56a9209636e1c3ddce5a920643fa96f64ecef3244815686f04f4fa%3A2%3A%7Bi%3A0%3Bs%3A5%3A%22_csrf%22%3Bi%3A1%3Bs%3A32%3A%225aWpFoBZBp2ZmX1cX17eKaOgcrRrFNw0%22%3B%7D; PHPSESSID=q14mo4v8grdu3jihj05b10muci; research-ssid=pfnjo7s842mh43jngv5ih0j80l'
    'PATH' => 'C:\\Python313\\Scripts\\;C:\\Python313\\;C:\\Windows\\system32;C:\\Windows;C:\\Windows\\System32\\Wbem;C:\\Windows\\System32\\WindowsPowerShell\\v1.0\\;C:\\Windows\\System32\\OpenSSH\\;C:\\ProgramData\\chocolatey\\bin;C:\\xampp\\php;C:\\ProgramData\\ComposerSetup\\bin;C:\\Program Files\\Git\\cmd;C:\\Program Files\\nodejs\\;C:\\Users\\teera\\AppData\\Local\\Microsoft\\WindowsApps;C:\\Users\\teera\\AppData\\Local\\Programs\\Microsoft VS Code\\bin;C:\\Users\\teera\\AppData\\Roaming\\Composer\\vendor\\bin;C:\\Users\\teera\\AppData\\Local\\GitHubDesktop\\bin;C:\\Users\\teera\\AppData\\Roaming\\npm'
    'SystemRoot' => 'C:\\Windows'
    'COMSPEC' => 'C:\\Windows\\system32\\cmd.exe'
    'PATHEXT' => '.COM;.EXE;.BAT;.CMD;.VBS;.VBE;.JS;.JSE;.WSF;.WSH;.MSC;.PY;.PYW'
    'WINDIR' => 'C:\\Windows'
    'SERVER_SIGNATURE' => '<address>Apache/2.4.58 (Win64) OpenSSL/3.1.3 PHP/8.2.12 Server at localhost Port 80</address>
'
    'SERVER_SOFTWARE' => 'Apache/2.4.58 (Win64) OpenSSL/3.1.3 PHP/8.2.12'
    'SERVER_NAME' => 'localhost'
    'SERVER_ADDR' => '::1'
    'SERVER_PORT' => '80'
    'REMOTE_ADDR' => '::1'
    'DOCUMENT_ROOT' => 'C:/xampp/htdocs'
    'REQUEST_SCHEME' => 'http'
    'CONTEXT_PREFIX' => ''
    'CONTEXT_DOCUMENT_ROOT' => 'C:/xampp/htdocs'
    'SERVER_ADMIN' => 'postmaster@localhost'
    'SCRIPT_FILENAME' => 'C:/xampp/htdocs/research/web/index.php'
    'REMOTE_PORT' => '51579'
    'REDIRECT_URL' => '/research/web/template/berry/js/icon/custom-font.js'
    'GATEWAY_INTERFACE' => 'CGI/1.1'
    'SERVER_PROTOCOL' => 'HTTP/1.1'
    'REQUEST_METHOD' => 'GET'
    'QUERY_STRING' => ''
    'REQUEST_URI' => '/research/template/berry/js/icon/custom-font.js'
    'SCRIPT_NAME' => '/research/web/index.php'
    'PHP_SELF' => '/research/web/index.php'
    'REQUEST_TIME_FLOAT' => 1761841475.1507
    'REQUEST_TIME' => 1761841475
]
2025-10-30 17:24:39 [::1][-][pfnjo7s842mh43jngv5ih0j80l][error][yii\db\Exception] PDOException: SQLSTATE[HY000] [2002] No connection could be made because the target machine actively refused it in C:\xampp\htdocs\research\vendor\yiisoft\yii2\db\Connection.php:722
Stack trace:
#0 C:\xampp\htdocs\research\vendor\yiisoft\yii2\db\Connection.php(722): PDO->__construct('mysql:host=loca...', 'lascinfo', Object(SensitiveParameterValue), NULL)
#1 C:\xampp\htdocs\research\vendor\yiisoft\yii2\db\Connection.php(637): yii\db\Connection->createPdoInstance()
#2 C:\xampp\htdocs\research\vendor\yiisoft\yii2\db\Connection.php(1067): yii\db\Connection->open()
#3 C:\xampp\htdocs\research\vendor\yiisoft\yii2\db\Connection.php(1054): yii\db\Connection->getMasterPdo()
#4 C:\xampp\htdocs\research\vendor\yiisoft\yii2\db\Command.php(261): yii\db\Connection->getSlavePdo(true)
#5 C:\xampp\htdocs\research\vendor\yiisoft\yii2\db\Command.php(1181): yii\db\Command->prepare(true)
#6 C:\xampp\htdocs\research\vendor\yiisoft\yii2\db\Command.php(417): yii\db\Command->queryInternal('fetchAll', NULL)
#7 C:\xampp\htdocs\research\vendor\yiisoft\yii2\db\mysql\Schema.php(366): yii\db\Command->queryAll()
#8 C:\xampp\htdocs\research\vendor\yiisoft\yii2\db\mysql\Schema.php(134): yii\db\mysql\Schema->findColumns(Object(yii\db\TableSchema))
#9 C:\xampp\htdocs\research\vendor\yiisoft\yii2\db\Schema.php(756): yii\db\mysql\Schema->loadTableSchema('tb_user')
#10 C:\xampp\htdocs\research\vendor\yiisoft\yii2\db\Schema.php(192): yii\db\Schema->getTableMetadata('tb_user', 'schema', false)
#11 C:\xampp\htdocs\research\vendor\yiisoft\yii2\db\ActiveRecord.php(445): yii\db\Schema->getTableSchema('tb_user')
#12 C:\xampp\htdocs\research\vendor\yiisoft\yii2\db\ActiveRecord.php(479): yii\db\ActiveRecord::getTableSchema()
#13 C:\xampp\htdocs\research\vendor\yiisoft\yii2\db\BaseActiveRecord.php(498): yii\db\ActiveRecord->attributes()
#14 C:\xampp\htdocs\research\vendor\yiisoft\yii2\db\BaseActiveRecord.php(289): yii\db\BaseActiveRecord->hasAttribute('uid')
#15 C:\xampp\htdocs\research\vendor\yiisoft\yii2\validators\Validator.php(257): yii\db\BaseActiveRecord->__get('uid')
#16 C:\xampp\htdocs\research\vendor\yiisoft\yii2\base\Model.php(389): yii\validators\Validator->validateAttributes(Object(app\models\AccountSearch), Array)
#17 C:\xampp\htdocs\research\models\AccountSearch.php(54): yii\base\Model->validate()
#18 C:\xampp\htdocs\research\controllers\AccountController.php(74): app\models\AccountSearch->search(Array)
#19 [internal function]: app\controllers\AccountController->actionIndex()
#20 C:\xampp\htdocs\research\vendor\yiisoft\yii2\base\InlineAction.php(60): call_user_func_array(Array, Array)
#21 C:\xampp\htdocs\research\vendor\yiisoft\yii2\base\Controller.php(184): yii\base\InlineAction->runWithParams(Array)
#22 C:\xampp\htdocs\research\vendor\yiisoft\yii2\base\Module.php(555): yii\base\Controller->runAction('', Array)
#23 C:\xampp\htdocs\research\vendor\yiisoft\yii2\web\Application.php(103): yii\base\Module->runAction('account', Array)
#24 C:\xampp\htdocs\research\vendor\yiisoft\yii2\base\Application.php(387): yii\web\Application->handleRequest(Object(yii\web\Request))
#25 C:\xampp\htdocs\research\web\index.php(12): yii\base\Application->run()
#26 {main}

Next yii\db\Exception: SQLSTATE[HY000] [2002] No connection could be made because the target machine actively refused it in C:\xampp\htdocs\research\vendor\yiisoft\yii2\db\Connection.php:648
Stack trace:
#0 C:\xampp\htdocs\research\vendor\yiisoft\yii2\db\Connection.php(1067): yii\db\Connection->open()
#1 C:\xampp\htdocs\research\vendor\yiisoft\yii2\db\Connection.php(1054): yii\db\Connection->getMasterPdo()
#2 C:\xampp\htdocs\research\vendor\yiisoft\yii2\db\Command.php(261): yii\db\Connection->getSlavePdo(true)
#3 C:\xampp\htdocs\research\vendor\yiisoft\yii2\db\Command.php(1181): yii\db\Command->prepare(true)
#4 C:\xampp\htdocs\research\vendor\yiisoft\yii2\db\Command.php(417): yii\db\Command->queryInternal('fetchAll', NULL)
#5 C:\xampp\htdocs\research\vendor\yiisoft\yii2\db\mysql\Schema.php(366): yii\db\Command->queryAll()
#6 C:\xampp\htdocs\research\vendor\yiisoft\yii2\db\mysql\Schema.php(134): yii\db\mysql\Schema->findColumns(Object(yii\db\TableSchema))
#7 C:\xampp\htdocs\research\vendor\yiisoft\yii2\db\Schema.php(756): yii\db\mysql\Schema->loadTableSchema('tb_user')
#8 C:\xampp\htdocs\research\vendor\yiisoft\yii2\db\Schema.php(192): yii\db\Schema->getTableMetadata('tb_user', 'schema', false)
#9 C:\xampp\htdocs\research\vendor\yiisoft\yii2\db\ActiveRecord.php(445): yii\db\Schema->getTableSchema('tb_user')
#10 C:\xampp\htdocs\research\vendor\yiisoft\yii2\db\ActiveRecord.php(479): yii\db\ActiveRecord::getTableSchema()
#11 C:\xampp\htdocs\research\vendor\yiisoft\yii2\db\BaseActiveRecord.php(498): yii\db\ActiveRecord->attributes()
#12 C:\xampp\htdocs\research\vendor\yiisoft\yii2\db\BaseActiveRecord.php(289): yii\db\BaseActiveRecord->hasAttribute('uid')
#13 C:\xampp\htdocs\research\vendor\yiisoft\yii2\validators\Validator.php(257): yii\db\BaseActiveRecord->__get('uid')
#14 C:\xampp\htdocs\research\vendor\yiisoft\yii2\base\Model.php(389): yii\validators\Validator->validateAttributes(Object(app\models\AccountSearch), Array)
#15 C:\xampp\htdocs\research\models\AccountSearch.php(54): yii\base\Model->validate()
#16 C:\xampp\htdocs\research\controllers\AccountController.php(74): app\models\AccountSearch->search(Array)
#17 [internal function]: app\controllers\AccountController->actionIndex()
#18 C:\xampp\htdocs\research\vendor\yiisoft\yii2\base\InlineAction.php(60): call_user_func_array(Array, Array)
#19 C:\xampp\htdocs\research\vendor\yiisoft\yii2\base\Controller.php(184): yii\base\InlineAction->runWithParams(Array)
#20 C:\xampp\htdocs\research\vendor\yiisoft\yii2\base\Module.php(555): yii\base\Controller->runAction('', Array)
#21 C:\xampp\htdocs\research\vendor\yiisoft\yii2\web\Application.php(103): yii\base\Module->runAction('account', Array)
#22 C:\xampp\htdocs\research\vendor\yiisoft\yii2\base\Application.php(387): yii\web\Application->handleRequest(Object(yii\web\Request))
#23 C:\xampp\htdocs\research\web\index.php(12): yii\base\Application->run()
#24 {main}
Additional Information:
Array
(
    [0] => HY000
    [1] => 2002
    [2] => No connection could be made because the target machine actively refused it
)

2025-10-30 17:24:35 [::1][-][pfnjo7s842mh43jngv5ih0j80l][info][application] $_GET = []

$_POST = []

$_FILES = []

$_COOKIE = [
    '_csrf' => '9fffcb41bbd56a9209636e1c3ddce5a920643fa96f64ecef3244815686f04f4fa:2:{i:0;s:5:\"_csrf\";i:1;s:32:\"5aWpFoBZBp2ZmX1cX17eKaOgcrRrFNw0\";}'
    'PHPSESSID' => 'q14mo4v8grdu3jihj05b10muci'
    'research-ssid' => 'pfnjo7s842mh43jngv5ih0j80l'
]

$_SESSION = [
    '__flash' => []
    '__returnUrl' => 'http://localhost/research/researchpro'
]

$_SERVER = [
    'REDIRECT_REDIRECT_MIBDIRS' => 'C:/xampp/php/extras/mibs'
    'REDIRECT_REDIRECT_MYSQL_HOME' => '\\xampp\\mysql\\bin'
    'REDIRECT_REDIRECT_OPENSSL_CONF' => 'C:/xampp/apache/bin/openssl.cnf'
    'REDIRECT_REDIRECT_PHP_PEAR_SYSCONF_DIR' => '\\xampp\\php'
    'REDIRECT_REDIRECT_PHPRC' => '\\xampp\\php'
    'REDIRECT_REDIRECT_TMP' => '\\xampp\\tmp'
    'REDIRECT_REDIRECT_STATUS' => '200'
    'REDIRECT_MIBDIRS' => 'C:/xampp/php/extras/mibs'
    'REDIRECT_MYSQL_HOME' => '\\xampp\\mysql\\bin'
    'REDIRECT_OPENSSL_CONF' => 'C:/xampp/apache/bin/openssl.cnf'
    'REDIRECT_PHP_PEAR_SYSCONF_DIR' => '\\xampp\\php'
    'REDIRECT_PHPRC' => '\\xampp\\php'
    'REDIRECT_TMP' => '\\xampp\\tmp'
    'REDIRECT_STATUS' => '200'
    'MIBDIRS' => 'C:/xampp/php/extras/mibs'
    'MYSQL_HOME' => '\\xampp\\mysql\\bin'
    'OPENSSL_CONF' => 'C:/xampp/apache/bin/openssl.cnf'
    'PHP_PEAR_SYSCONF_DIR' => '\\xampp\\php'
    'PHPRC' => '\\xampp\\php'
    'TMP' => '\\xampp\\tmp'
    'HTTP_HOST' => 'localhost'
    'HTTP_CONNECTION' => 'keep-alive'
    'HTTP_SEC_CH_UA' => '\"Microsoft Edge\";v=\"141\", \"Not?A_Brand\";v=\"8\", \"Chromium\";v=\"141\"'
    'HTTP_SEC_CH_UA_MOBILE' => '?0'
    'HTTP_SEC_CH_UA_PLATFORM' => '\"Windows\"'
    'HTTP_UPGRADE_INSECURE_REQUESTS' => '1'
    'HTTP_USER_AGENT' => 'Mozilla/5.0 (Windows NT 10.0; Win64; x64) AppleWebKit/537.36 (KHTML, like Gecko) Chrome/141.0.0.0 Safari/537.36 Edg/141.0.0.0'
    'HTTP_ACCEPT' => 'text/html,application/xhtml+xml,application/xml;q=0.9,image/avif,image/webp,image/apng,*/*;q=0.8,application/signed-exchange;v=b3;q=0.7'
    'HTTP_SEC_FETCH_SITE' => 'same-origin'
    'HTTP_SEC_FETCH_MODE' => 'navigate'
    'HTTP_SEC_FETCH_USER' => '?1'
    'HTTP_SEC_FETCH_DEST' => 'document'
    'HTTP_REFERER' => 'http://localhost/research/'
    'HTTP_ACCEPT_ENCODING' => 'gzip, deflate, br, zstd'
    'HTTP_ACCEPT_LANGUAGE' => 'en-US,en;q=0.9,th;q=0.8'
    'HTTP_COOKIE' => '_csrf=9fffcb41bbd56a9209636e1c3ddce5a920643fa96f64ecef3244815686f04f4fa%3A2%3A%7Bi%3A0%3Bs%3A5%3A%22_csrf%22%3Bi%3A1%3Bs%3A32%3A%225aWpFoBZBp2ZmX1cX17eKaOgcrRrFNw0%22%3B%7D; PHPSESSID=q14mo4v8grdu3jihj05b10muci; research-ssid=pfnjo7s842mh43jngv5ih0j80l'
    'PATH' => 'C:\\Python313\\Scripts\\;C:\\Python313\\;C:\\Windows\\system32;C:\\Windows;C:\\Windows\\System32\\Wbem;C:\\Windows\\System32\\WindowsPowerShell\\v1.0\\;C:\\Windows\\System32\\OpenSSH\\;C:\\ProgramData\\chocolatey\\bin;C:\\xampp\\php;C:\\ProgramData\\ComposerSetup\\bin;C:\\Program Files\\Git\\cmd;C:\\Program Files\\nodejs\\;C:\\Users\\teera\\AppData\\Local\\Microsoft\\WindowsApps;C:\\Users\\teera\\AppData\\Local\\Programs\\Microsoft VS Code\\bin;C:\\Users\\teera\\AppData\\Roaming\\Composer\\vendor\\bin;C:\\Users\\teera\\AppData\\Local\\GitHubDesktop\\bin;C:\\Users\\teera\\AppData\\Roaming\\npm'
    'SystemRoot' => 'C:\\Windows'
    'COMSPEC' => 'C:\\Windows\\system32\\cmd.exe'
    'PATHEXT' => '.COM;.EXE;.BAT;.CMD;.VBS;.VBE;.JS;.JSE;.WSF;.WSH;.MSC;.PY;.PYW'
    'WINDIR' => 'C:\\Windows'
    'SERVER_SIGNATURE' => '<address>Apache/2.4.58 (Win64) OpenSSL/3.1.3 PHP/8.2.12 Server at localhost Port 80</address>
'
    'SERVER_SOFTWARE' => 'Apache/2.4.58 (Win64) OpenSSL/3.1.3 PHP/8.2.12'
    'SERVER_NAME' => 'localhost'
    'SERVER_ADDR' => '::1'
    'SERVER_PORT' => '80'
    'REMOTE_ADDR' => '::1'
    'DOCUMENT_ROOT' => 'C:/xampp/htdocs'
    'REQUEST_SCHEME' => 'http'
    'CONTEXT_PREFIX' => ''
    'CONTEXT_DOCUMENT_ROOT' => 'C:/xampp/htdocs'
    'SERVER_ADMIN' => 'postmaster@localhost'
    'SCRIPT_FILENAME' => 'C:/xampp/htdocs/research/web/index.php'
    'REMOTE_PORT' => '63382'
    'REDIRECT_URL' => '/research/web/account'
    'GATEWAY_INTERFACE' => 'CGI/1.1'
    'SERVER_PROTOCOL' => 'HTTP/1.1'
    'REQUEST_METHOD' => 'GET'
    'QUERY_STRING' => ''
    'REQUEST_URI' => '/research/account'
    'SCRIPT_NAME' => '/research/web/index.php'
    'PHP_SELF' => '/research/web/index.php'
    'REQUEST_TIME_FLOAT' => 1761841475.8186
    'REQUEST_TIME' => 1761841475
]
2025-10-31 06:37:46 [::1][-][-][error][yii\web\HttpException:404] yii\base\InvalidRouteException: Unable to resolve the request "template/berry/js/icon/custom-font.js". in C:\xampp\htdocs\research\vendor\yiisoft\yii2\base\Module.php:564
Stack trace:
#0 C:\xampp\htdocs\research\vendor\yiisoft\yii2\web\Application.php(103): yii\base\Module->runAction('template/berry/...', Array)
#1 C:\xampp\htdocs\research\vendor\yiisoft\yii2\base\Application.php(387): yii\web\Application->handleRequest(Object(yii\web\Request))
#2 C:\xampp\htdocs\research\web\index.php(12): yii\base\Application->run()
#3 {main}

Next yii\web\NotFoundHttpException: Page not found. in C:\xampp\htdocs\research\vendor\yiisoft\yii2\web\Application.php:115
Stack trace:
#0 C:\xampp\htdocs\research\vendor\yiisoft\yii2\base\Application.php(387): yii\web\Application->handleRequest(Object(yii\web\Request))
#1 C:\xampp\htdocs\research\web\index.php(12): yii\base\Application->run()
#2 {main}
2025-10-31 06:37:46 [::1][-][-][info][application] $_GET = []

$_POST = []

$_FILES = []

$_COOKIE = [
    '_csrf' => '27e980f9cd5d093edf7d4d6777753f6edae758ea3dda693b67122c70edfb9cafa:2:{i:0;s:5:\"_csrf\";i:1;s:32:\"3CsQEHG-Nh2DHunnW9kjAF25EFCanx6-\";}'
]

$_SERVER = [
    'REDIRECT_REDIRECT_MIBDIRS' => 'C:/xampp/php/extras/mibs'
    'REDIRECT_REDIRECT_MYSQL_HOME' => '\\xampp\\mysql\\bin'
    'REDIRECT_REDIRECT_OPENSSL_CONF' => 'C:/xampp/apache/bin/openssl.cnf'
    'REDIRECT_REDIRECT_PHP_PEAR_SYSCONF_DIR' => '\\xampp\\php'
    'REDIRECT_REDIRECT_PHPRC' => '\\xampp\\php'
    'REDIRECT_REDIRECT_TMP' => '\\xampp\\tmp'
    'REDIRECT_REDIRECT_STATUS' => '200'
    'REDIRECT_MIBDIRS' => 'C:/xampp/php/extras/mibs'
    'REDIRECT_MYSQL_HOME' => '\\xampp\\mysql\\bin'
    'REDIRECT_OPENSSL_CONF' => 'C:/xampp/apache/bin/openssl.cnf'
    'REDIRECT_PHP_PEAR_SYSCONF_DIR' => '\\xampp\\php'
    'REDIRECT_PHPRC' => '\\xampp\\php'
    'REDIRECT_TMP' => '\\xampp\\tmp'
    'REDIRECT_STATUS' => '200'
    'MIBDIRS' => 'C:/xampp/php/extras/mibs'
    'MYSQL_HOME' => '\\xampp\\mysql\\bin'
    'OPENSSL_CONF' => 'C:/xampp/apache/bin/openssl.cnf'
    'PHP_PEAR_SYSCONF_DIR' => '\\xampp\\php'
    'PHPRC' => '\\xampp\\php'
    'TMP' => '\\xampp\\tmp'
    'HTTP_HOST' => 'localhost'
    'HTTP_CONNECTION' => 'keep-alive'
    'HTTP_SEC_CH_UA_PLATFORM' => '\"Windows\"'
    'HTTP_USER_AGENT' => 'Mozilla/5.0 (Windows NT 10.0; Win64; x64) AppleWebKit/537.36 (KHTML, like Gecko) Chrome/141.0.0.0 Safari/537.36 Edg/141.0.0.0'
    'HTTP_SEC_CH_UA' => '\"Microsoft Edge\";v=\"141\", \"Not?A_Brand\";v=\"8\", \"Chromium\";v=\"141\"'
    'HTTP_SEC_CH_UA_MOBILE' => '?0'
    'HTTP_ACCEPT' => '*/*'
    'HTTP_SEC_FETCH_SITE' => 'same-origin'
    'HTTP_SEC_FETCH_MODE' => 'no-cors'
    'HTTP_SEC_FETCH_DEST' => 'script'
    'HTTP_REFERER' => 'http://localhost/research/'
    'HTTP_ACCEPT_ENCODING' => 'gzip, deflate, br, zstd'
    'HTTP_ACCEPT_LANGUAGE' => 'en-US,en;q=0.9,th;q=0.8'
    'HTTP_COOKIE' => '_csrf=27e980f9cd5d093edf7d4d6777753f6edae758ea3dda693b67122c70edfb9cafa%3A2%3A%7Bi%3A0%3Bs%3A5%3A%22_csrf%22%3Bi%3A1%3Bs%3A32%3A%223CsQEHG-Nh2DHunnW9kjAF25EFCanx6-%22%3B%7D'
    'PATH' => 'C:\\Python313\\Scripts\\;C:\\Python313\\;C:\\Windows\\system32;C:\\Windows;C:\\Windows\\System32\\Wbem;C:\\Windows\\System32\\WindowsPowerShell\\v1.0\\;C:\\Windows\\System32\\OpenSSH\\;C:\\ProgramData\\chocolatey\\bin;C:\\xampp\\php;C:\\ProgramData\\ComposerSetup\\bin;C:\\Program Files\\Git\\cmd;C:\\Program Files\\nodejs\\;C:\\Users\\teera\\AppData\\Local\\Microsoft\\WindowsApps;C:\\Users\\teera\\AppData\\Local\\Programs\\Microsoft VS Code\\bin;C:\\Users\\teera\\AppData\\Roaming\\Composer\\vendor\\bin;C:\\Users\\teera\\AppData\\Local\\GitHubDesktop\\bin;C:\\Users\\teera\\AppData\\Roaming\\npm'
    'SystemRoot' => 'C:\\Windows'
    'COMSPEC' => 'C:\\Windows\\system32\\cmd.exe'
    'PATHEXT' => '.COM;.EXE;.BAT;.CMD;.VBS;.VBE;.JS;.JSE;.WSF;.WSH;.MSC;.PY;.PYW'
    'WINDIR' => 'C:\\Windows'
    'SERVER_SIGNATURE' => '<address>Apache/2.4.58 (Win64) OpenSSL/3.1.3 PHP/8.2.12 Server at localhost Port 80</address>
'
    'SERVER_SOFTWARE' => 'Apache/2.4.58 (Win64) OpenSSL/3.1.3 PHP/8.2.12'
    'SERVER_NAME' => 'localhost'
    'SERVER_ADDR' => '::1'
    'SERVER_PORT' => '80'
    'REMOTE_ADDR' => '::1'
    'DOCUMENT_ROOT' => 'C:/xampp/htdocs'
    'REQUEST_SCHEME' => 'http'
    'CONTEXT_PREFIX' => ''
    'CONTEXT_DOCUMENT_ROOT' => 'C:/xampp/htdocs'
    'SERVER_ADMIN' => 'postmaster@localhost'
    'SCRIPT_FILENAME' => 'C:/xampp/htdocs/research/web/index.php'
    'REMOTE_PORT' => '56519'
    'REDIRECT_URL' => '/research/web/template/berry/js/icon/custom-font.js'
    'GATEWAY_INTERFACE' => 'CGI/1.1'
    'SERVER_PROTOCOL' => 'HTTP/1.1'
    'REQUEST_METHOD' => 'GET'
    'QUERY_STRING' => ''
    'REQUEST_URI' => '/research/template/berry/js/icon/custom-font.js'
    'SCRIPT_NAME' => '/research/web/index.php'
    'PHP_SELF' => '/research/web/index.php'
    'REQUEST_TIME_FLOAT' => 1761889066.3628
    'REQUEST_TIME' => 1761889066
]
2025-10-31 06:37:48 [::1][-][8taqt6ea79uqlrsvtn5jdqu5mt][error][yii\db\Exception] PDOException: SQLSTATE[HY000] [1045] Access denied for user 'lascinfo'@'localhost' (using password: YES) in C:\xampp\htdocs\research\vendor\yiisoft\yii2\db\Connection.php:722
Stack trace:
#0 C:\xampp\htdocs\research\vendor\yiisoft\yii2\db\Connection.php(722): PDO->__construct('mysql:host=loca...', 'lascinfo', Object(SensitiveParameterValue), NULL)
#1 C:\xampp\htdocs\research\vendor\yiisoft\yii2\db\Connection.php(637): yii\db\Connection->createPdoInstance()
#2 C:\xampp\htdocs\research\vendor\yiisoft\yii2\db\Connection.php(1067): yii\db\Connection->open()
#3 C:\xampp\htdocs\research\vendor\yiisoft\yii2\db\Connection.php(1054): yii\db\Connection->getMasterPdo()
#4 C:\xampp\htdocs\research\vendor\yiisoft\yii2\db\Command.php(261): yii\db\Connection->getSlavePdo(true)
#5 C:\xampp\htdocs\research\vendor\yiisoft\yii2\db\Command.php(1181): yii\db\Command->prepare(true)
#6 C:\xampp\htdocs\research\vendor\yiisoft\yii2\db\Command.php(417): yii\db\Command->queryInternal('fetchAll', NULL)
#7 C:\xampp\htdocs\research\vendor\yiisoft\yii2\db\mysql\Schema.php(366): yii\db\Command->queryAll()
#8 C:\xampp\htdocs\research\vendor\yiisoft\yii2\db\mysql\Schema.php(134): yii\db\mysql\Schema->findColumns(Object(yii\db\TableSchema))
#9 C:\xampp\htdocs\research\vendor\yiisoft\yii2\db\Schema.php(756): yii\db\mysql\Schema->loadTableSchema('tb_user')
#10 C:\xampp\htdocs\research\vendor\yiisoft\yii2\db\Schema.php(192): yii\db\Schema->getTableMetadata('tb_user', 'schema', false)
#11 C:\xampp\htdocs\research\vendor\yiisoft\yii2\db\ActiveRecord.php(445): yii\db\Schema->getTableSchema('tb_user')
#12 C:\xampp\htdocs\research\vendor\yiisoft\yii2\db\ActiveRecord.php(479): yii\db\ActiveRecord::getTableSchema()
#13 C:\xampp\htdocs\research\vendor\yiisoft\yii2\db\BaseActiveRecord.php(498): yii\db\ActiveRecord->attributes()
#14 C:\xampp\htdocs\research\vendor\yiisoft\yii2\db\BaseActiveRecord.php(289): yii\db\BaseActiveRecord->hasAttribute('uid')
#15 C:\xampp\htdocs\research\vendor\yiisoft\yii2\validators\Validator.php(257): yii\db\BaseActiveRecord->__get('uid')
#16 C:\xampp\htdocs\research\vendor\yiisoft\yii2\base\Model.php(389): yii\validators\Validator->validateAttributes(Object(app\models\AccountSearch), Array)
#17 C:\xampp\htdocs\research\models\AccountSearch.php(54): yii\base\Model->validate()
#18 C:\xampp\htdocs\research\controllers\AccountController.php(76): app\models\AccountSearch->search(Array)
#19 [internal function]: app\controllers\AccountController->actionIndex()
#20 C:\xampp\htdocs\research\vendor\yiisoft\yii2\base\InlineAction.php(60): call_user_func_array(Array, Array)
#21 C:\xampp\htdocs\research\vendor\yiisoft\yii2\base\Controller.php(184): yii\base\InlineAction->runWithParams(Array)
#22 C:\xampp\htdocs\research\vendor\yiisoft\yii2\base\Module.php(555): yii\base\Controller->runAction('', Array)
#23 C:\xampp\htdocs\research\vendor\yiisoft\yii2\web\Application.php(103): yii\base\Module->runAction('account', Array)
#24 C:\xampp\htdocs\research\vendor\yiisoft\yii2\base\Application.php(387): yii\web\Application->handleRequest(Object(yii\web\Request))
#25 C:\xampp\htdocs\research\web\index.php(12): yii\base\Application->run()
#26 {main}

Next yii\db\Exception: SQLSTATE[HY000] [1045] Access denied for user 'lascinfo'@'localhost' (using password: YES) in C:\xampp\htdocs\research\vendor\yiisoft\yii2\db\Connection.php:648
Stack trace:
#0 C:\xampp\htdocs\research\vendor\yiisoft\yii2\db\Connection.php(1067): yii\db\Connection->open()
#1 C:\xampp\htdocs\research\vendor\yiisoft\yii2\db\Connection.php(1054): yii\db\Connection->getMasterPdo()
#2 C:\xampp\htdocs\research\vendor\yiisoft\yii2\db\Command.php(261): yii\db\Connection->getSlavePdo(true)
#3 C:\xampp\htdocs\research\vendor\yiisoft\yii2\db\Command.php(1181): yii\db\Command->prepare(true)
#4 C:\xampp\htdocs\research\vendor\yiisoft\yii2\db\Command.php(417): yii\db\Command->queryInternal('fetchAll', NULL)
#5 C:\xampp\htdocs\research\vendor\yiisoft\yii2\db\mysql\Schema.php(366): yii\db\Command->queryAll()
#6 C:\xampp\htdocs\research\vendor\yiisoft\yii2\db\mysql\Schema.php(134): yii\db\mysql\Schema->findColumns(Object(yii\db\TableSchema))
#7 C:\xampp\htdocs\research\vendor\yiisoft\yii2\db\Schema.php(756): yii\db\mysql\Schema->loadTableSchema('tb_user')
#8 C:\xampp\htdocs\research\vendor\yiisoft\yii2\db\Schema.php(192): yii\db\Schema->getTableMetadata('tb_user', 'schema', false)
#9 C:\xampp\htdocs\research\vendor\yiisoft\yii2\db\ActiveRecord.php(445): yii\db\Schema->getTableSchema('tb_user')
#10 C:\xampp\htdocs\research\vendor\yiisoft\yii2\db\ActiveRecord.php(479): yii\db\ActiveRecord::getTableSchema()
#11 C:\xampp\htdocs\research\vendor\yiisoft\yii2\db\BaseActiveRecord.php(498): yii\db\ActiveRecord->attributes()
#12 C:\xampp\htdocs\research\vendor\yiisoft\yii2\db\BaseActiveRecord.php(289): yii\db\BaseActiveRecord->hasAttribute('uid')
#13 C:\xampp\htdocs\research\vendor\yiisoft\yii2\validators\Validator.php(257): yii\db\BaseActiveRecord->__get('uid')
#14 C:\xampp\htdocs\research\vendor\yiisoft\yii2\base\Model.php(389): yii\validators\Validator->validateAttributes(Object(app\models\AccountSearch), Array)
#15 C:\xampp\htdocs\research\models\AccountSearch.php(54): yii\base\Model->validate()
#16 C:\xampp\htdocs\research\controllers\AccountController.php(76): app\models\AccountSearch->search(Array)
#17 [internal function]: app\controllers\AccountController->actionIndex()
#18 C:\xampp\htdocs\research\vendor\yiisoft\yii2\base\InlineAction.php(60): call_user_func_array(Array, Array)
#19 C:\xampp\htdocs\research\vendor\yiisoft\yii2\base\Controller.php(184): yii\base\InlineAction->runWithParams(Array)
#20 C:\xampp\htdocs\research\vendor\yiisoft\yii2\base\Module.php(555): yii\base\Controller->runAction('', Array)
#21 C:\xampp\htdocs\research\vendor\yiisoft\yii2\web\Application.php(103): yii\base\Module->runAction('account', Array)
#22 C:\xampp\htdocs\research\vendor\yiisoft\yii2\base\Application.php(387): yii\web\Application->handleRequest(Object(yii\web\Request))
#23 C:\xampp\htdocs\research\web\index.php(12): yii\base\Application->run()
#24 {main}
Additional Information:
Array
(
    [0] => HY000
    [1] => 1045
    [2] => Access denied for user 'lascinfo'@'localhost' (using password: YES)
)

2025-10-31 06:37:48 [::1][-][8taqt6ea79uqlrsvtn5jdqu5mt][info][application] $_GET = []

$_POST = []

$_FILES = []

$_COOKIE = [
    '_csrf' => '27e980f9cd5d093edf7d4d6777753f6edae758ea3dda693b67122c70edfb9cafa:2:{i:0;s:5:\"_csrf\";i:1;s:32:\"3CsQEHG-Nh2DHunnW9kjAF25EFCanx6-\";}'
]

$_SESSION = [
    '__flash' => []
]

$_SERVER = [
    'REDIRECT_REDIRECT_MIBDIRS' => 'C:/xampp/php/extras/mibs'
    'REDIRECT_REDIRECT_MYSQL_HOME' => '\\xampp\\mysql\\bin'
    'REDIRECT_REDIRECT_OPENSSL_CONF' => 'C:/xampp/apache/bin/openssl.cnf'
    'REDIRECT_REDIRECT_PHP_PEAR_SYSCONF_DIR' => '\\xampp\\php'
    'REDIRECT_REDIRECT_PHPRC' => '\\xampp\\php'
    'REDIRECT_REDIRECT_TMP' => '\\xampp\\tmp'
    'REDIRECT_REDIRECT_STATUS' => '200'
    'REDIRECT_MIBDIRS' => 'C:/xampp/php/extras/mibs'
    'REDIRECT_MYSQL_HOME' => '\\xampp\\mysql\\bin'
    'REDIRECT_OPENSSL_CONF' => 'C:/xampp/apache/bin/openssl.cnf'
    'REDIRECT_PHP_PEAR_SYSCONF_DIR' => '\\xampp\\php'
    'REDIRECT_PHPRC' => '\\xampp\\php'
    'REDIRECT_TMP' => '\\xampp\\tmp'
    'REDIRECT_STATUS' => '200'
    'MIBDIRS' => 'C:/xampp/php/extras/mibs'
    'MYSQL_HOME' => '\\xampp\\mysql\\bin'
    'OPENSSL_CONF' => 'C:/xampp/apache/bin/openssl.cnf'
    'PHP_PEAR_SYSCONF_DIR' => '\\xampp\\php'
    'PHPRC' => '\\xampp\\php'
    'TMP' => '\\xampp\\tmp'
    'HTTP_HOST' => 'localhost'
    'HTTP_CONNECTION' => 'keep-alive'
    'HTTP_SEC_CH_UA' => '\"Microsoft Edge\";v=\"141\", \"Not?A_Brand\";v=\"8\", \"Chromium\";v=\"141\"'
    'HTTP_SEC_CH_UA_MOBILE' => '?0'
    'HTTP_SEC_CH_UA_PLATFORM' => '\"Windows\"'
    'HTTP_UPGRADE_INSECURE_REQUESTS' => '1'
    'HTTP_USER_AGENT' => 'Mozilla/5.0 (Windows NT 10.0; Win64; x64) AppleWebKit/537.36 (KHTML, like Gecko) Chrome/141.0.0.0 Safari/537.36 Edg/141.0.0.0'
    'HTTP_ACCEPT' => 'text/html,application/xhtml+xml,application/xml;q=0.9,image/avif,image/webp,image/apng,*/*;q=0.8,application/signed-exchange;v=b3;q=0.7'
    'HTTP_SEC_FETCH_SITE' => 'same-origin'
    'HTTP_SEC_FETCH_MODE' => 'navigate'
    'HTTP_SEC_FETCH_USER' => '?1'
    'HTTP_SEC_FETCH_DEST' => 'document'
    'HTTP_REFERER' => 'http://localhost/research/'
    'HTTP_ACCEPT_ENCODING' => 'gzip, deflate, br, zstd'
    'HTTP_ACCEPT_LANGUAGE' => 'en-US,en;q=0.9,th;q=0.8'
    'HTTP_COOKIE' => '_csrf=27e980f9cd5d093edf7d4d6777753f6edae758ea3dda693b67122c70edfb9cafa%3A2%3A%7Bi%3A0%3Bs%3A5%3A%22_csrf%22%3Bi%3A1%3Bs%3A32%3A%223CsQEHG-Nh2DHunnW9kjAF25EFCanx6-%22%3B%7D'
    'PATH' => 'C:\\Python313\\Scripts\\;C:\\Python313\\;C:\\Windows\\system32;C:\\Windows;C:\\Windows\\System32\\Wbem;C:\\Windows\\System32\\WindowsPowerShell\\v1.0\\;C:\\Windows\\System32\\OpenSSH\\;C:\\ProgramData\\chocolatey\\bin;C:\\xampp\\php;C:\\ProgramData\\ComposerSetup\\bin;C:\\Program Files\\Git\\cmd;C:\\Program Files\\nodejs\\;C:\\Users\\teera\\AppData\\Local\\Microsoft\\WindowsApps;C:\\Users\\teera\\AppData\\Local\\Programs\\Microsoft VS Code\\bin;C:\\Users\\teera\\AppData\\Roaming\\Composer\\vendor\\bin;C:\\Users\\teera\\AppData\\Local\\GitHubDesktop\\bin;C:\\Users\\teera\\AppData\\Roaming\\npm'
    'SystemRoot' => 'C:\\Windows'
    'COMSPEC' => 'C:\\Windows\\system32\\cmd.exe'
    'PATHEXT' => '.COM;.EXE;.BAT;.CMD;.VBS;.VBE;.JS;.JSE;.WSF;.WSH;.MSC;.PY;.PYW'
    'WINDIR' => 'C:\\Windows'
    'SERVER_SIGNATURE' => '<address>Apache/2.4.58 (Win64) OpenSSL/3.1.3 PHP/8.2.12 Server at localhost Port 80</address>
'
    'SERVER_SOFTWARE' => 'Apache/2.4.58 (Win64) OpenSSL/3.1.3 PHP/8.2.12'
    'SERVER_NAME' => 'localhost'
    'SERVER_ADDR' => '::1'
    'SERVER_PORT' => '80'
    'REMOTE_ADDR' => '::1'
    'DOCUMENT_ROOT' => 'C:/xampp/htdocs'
    'REQUEST_SCHEME' => 'http'
    'CONTEXT_PREFIX' => ''
    'CONTEXT_DOCUMENT_ROOT' => 'C:/xampp/htdocs'
    'SERVER_ADMIN' => 'postmaster@localhost'
    'SCRIPT_FILENAME' => 'C:/xampp/htdocs/research/web/index.php'
    'REMOTE_PORT' => '50401'
    'REDIRECT_URL' => '/research/web/account'
    'GATEWAY_INTERFACE' => 'CGI/1.1'
    'SERVER_PROTOCOL' => 'HTTP/1.1'
    'REQUEST_METHOD' => 'GET'
    'QUERY_STRING' => ''
    'REQUEST_URI' => '/research/account'
    'SCRIPT_NAME' => '/research/web/index.php'
    'PHP_SELF' => '/research/web/index.php'
    'REQUEST_TIME_FLOAT' => 1761889068.0167
    'REQUEST_TIME' => 1761889068
]
2025-10-31 08:19:13 [::1][-][8taqt6ea79uqlrsvtn5jdqu5mt][error][yii\web\HttpException:404] yii\base\InvalidRouteException: Unable to resolve the request "template/berry/js/icon/custom-font.js". in C:\xampp\htdocs\research\vendor\yiisoft\yii2\base\Module.php:564
Stack trace:
#0 C:\xampp\htdocs\research\vendor\yiisoft\yii2\web\Application.php(103): yii\base\Module->runAction('template/berry/...', Array)
#1 C:\xampp\htdocs\research\vendor\yiisoft\yii2\base\Application.php(387): yii\web\Application->handleRequest(Object(yii\web\Request))
#2 C:\xampp\htdocs\research\web\index.php(12): yii\base\Application->run()
#3 {main}

Next yii\web\NotFoundHttpException: Page not found. in C:\xampp\htdocs\research\vendor\yiisoft\yii2\web\Application.php:115
Stack trace:
#0 C:\xampp\htdocs\research\vendor\yiisoft\yii2\base\Application.php(387): yii\web\Application->handleRequest(Object(yii\web\Request))
#1 C:\xampp\htdocs\research\web\index.php(12): yii\base\Application->run()
#2 {main}
2025-10-31 08:19:13 [::1][-][8taqt6ea79uqlrsvtn5jdqu5mt][info][application] $_GET = []

$_POST = []

$_FILES = []

$_COOKIE = [
    '_csrf' => '27e980f9cd5d093edf7d4d6777753f6edae758ea3dda693b67122c70edfb9cafa:2:{i:0;s:5:\"_csrf\";i:1;s:32:\"3CsQEHG-Nh2DHunnW9kjAF25EFCanx6-\";}'
    'research-ssid' => '8taqt6ea79uqlrsvtn5jdqu5mt'
]

$_SESSION = [
    '__flash' => []
]

$_SERVER = [
    'REDIRECT_REDIRECT_MIBDIRS' => 'C:/xampp/php/extras/mibs'
    'REDIRECT_REDIRECT_MYSQL_HOME' => '\\xampp\\mysql\\bin'
    'REDIRECT_REDIRECT_OPENSSL_CONF' => 'C:/xampp/apache/bin/openssl.cnf'
    'REDIRECT_REDIRECT_PHP_PEAR_SYSCONF_DIR' => '\\xampp\\php'
    'REDIRECT_REDIRECT_PHPRC' => '\\xampp\\php'
    'REDIRECT_REDIRECT_TMP' => '\\xampp\\tmp'
    'REDIRECT_REDIRECT_STATUS' => '200'
    'REDIRECT_MIBDIRS' => 'C:/xampp/php/extras/mibs'
    'REDIRECT_MYSQL_HOME' => '\\xampp\\mysql\\bin'
    'REDIRECT_OPENSSL_CONF' => 'C:/xampp/apache/bin/openssl.cnf'
    'REDIRECT_PHP_PEAR_SYSCONF_DIR' => '\\xampp\\php'
    'REDIRECT_PHPRC' => '\\xampp\\php'
    'REDIRECT_TMP' => '\\xampp\\tmp'
    'REDIRECT_STATUS' => '200'
    'MIBDIRS' => 'C:/xampp/php/extras/mibs'
    'MYSQL_HOME' => '\\xampp\\mysql\\bin'
    'OPENSSL_CONF' => 'C:/xampp/apache/bin/openssl.cnf'
    'PHP_PEAR_SYSCONF_DIR' => '\\xampp\\php'
    'PHPRC' => '\\xampp\\php'
    'TMP' => '\\xampp\\tmp'
    'HTTP_HOST' => 'localhost'
    'HTTP_CONNECTION' => 'keep-alive'
    'HTTP_SEC_CH_UA_PLATFORM' => '\"Windows\"'
    'HTTP_USER_AGENT' => 'Mozilla/5.0 (Windows NT 10.0; Win64; x64) AppleWebKit/537.36 (KHTML, like Gecko) Chrome/141.0.0.0 Safari/537.36 Edg/141.0.0.0'
    'HTTP_SEC_CH_UA' => '\"Microsoft Edge\";v=\"141\", \"Not?A_Brand\";v=\"8\", \"Chromium\";v=\"141\"'
    'HTTP_SEC_CH_UA_MOBILE' => '?0'
    'HTTP_ACCEPT' => '*/*'
    'HTTP_SEC_FETCH_SITE' => 'same-origin'
    'HTTP_SEC_FETCH_MODE' => 'no-cors'
    'HTTP_SEC_FETCH_DEST' => 'script'
    'HTTP_REFERER' => 'http://localhost/research/'
    'HTTP_ACCEPT_ENCODING' => 'gzip, deflate, br, zstd'
    'HTTP_ACCEPT_LANGUAGE' => 'en-US,en;q=0.9,th;q=0.8'
    'HTTP_COOKIE' => '_csrf=27e980f9cd5d093edf7d4d6777753f6edae758ea3dda693b67122c70edfb9cafa%3A2%3A%7Bi%3A0%3Bs%3A5%3A%22_csrf%22%3Bi%3A1%3Bs%3A32%3A%223CsQEHG-Nh2DHunnW9kjAF25EFCanx6-%22%3B%7D; research-ssid=8taqt6ea79uqlrsvtn5jdqu5mt'
    'PATH' => 'C:\\Python313\\Scripts\\;C:\\Python313\\;C:\\Windows\\system32;C:\\Windows;C:\\Windows\\System32\\Wbem;C:\\Windows\\System32\\WindowsPowerShell\\v1.0\\;C:\\Windows\\System32\\OpenSSH\\;C:\\ProgramData\\chocolatey\\bin;C:\\xampp\\php;C:\\ProgramData\\ComposerSetup\\bin;C:\\Program Files\\Git\\cmd;C:\\Program Files\\nodejs\\;C:\\Users\\teera\\AppData\\Local\\Microsoft\\WindowsApps;C:\\Users\\teera\\AppData\\Local\\Programs\\Microsoft VS Code\\bin;C:\\Users\\teera\\AppData\\Roaming\\Composer\\vendor\\bin;C:\\Users\\teera\\AppData\\Local\\GitHubDesktop\\bin;C:\\Users\\teera\\AppData\\Roaming\\npm'
    'SystemRoot' => 'C:\\Windows'
    'COMSPEC' => 'C:\\Windows\\system32\\cmd.exe'
    'PATHEXT' => '.COM;.EXE;.BAT;.CMD;.VBS;.VBE;.JS;.JSE;.WSF;.WSH;.MSC;.PY;.PYW'
    'WINDIR' => 'C:\\Windows'
    'SERVER_SIGNATURE' => '<address>Apache/2.4.58 (Win64) OpenSSL/3.1.3 PHP/8.2.12 Server at localhost Port 80</address>
'
    'SERVER_SOFTWARE' => 'Apache/2.4.58 (Win64) OpenSSL/3.1.3 PHP/8.2.12'
    'SERVER_NAME' => 'localhost'
    'SERVER_ADDR' => '::1'
    'SERVER_PORT' => '80'
    'REMOTE_ADDR' => '::1'
    'DOCUMENT_ROOT' => 'C:/xampp/htdocs'
    'REQUEST_SCHEME' => 'http'
    'CONTEXT_PREFIX' => ''
    'CONTEXT_DOCUMENT_ROOT' => 'C:/xampp/htdocs'
    'SERVER_ADMIN' => 'postmaster@localhost'
    'SCRIPT_FILENAME' => 'C:/xampp/htdocs/research/web/index.php'
    'REMOTE_PORT' => '64899'
    'REDIRECT_URL' => '/research/web/template/berry/js/icon/custom-font.js'
    'GATEWAY_INTERFACE' => 'CGI/1.1'
    'SERVER_PROTOCOL' => 'HTTP/1.1'
    'REQUEST_METHOD' => 'GET'
    'QUERY_STRING' => ''
    'REQUEST_URI' => '/research/template/berry/js/icon/custom-font.js'
    'SCRIPT_NAME' => '/research/web/index.php'
    'PHP_SELF' => '/research/web/index.php'
    'REQUEST_TIME_FLOAT' => 1761895153.7634
    'REQUEST_TIME' => 1761895153
]
2025-10-31 08:19:18 [::1][-][8taqt6ea79uqlrsvtn5jdqu5mt][error][yii\db\Exception] PDOException: SQLSTATE[HY000] [1045] Access denied for user 'lascinfo'@'localhost' (using password: YES) in C:\xampp\htdocs\research\vendor\yiisoft\yii2\db\Connection.php:722
Stack trace:
#0 C:\xampp\htdocs\research\vendor\yiisoft\yii2\db\Connection.php(722): PDO->__construct('mysql:host=loca...', 'lascinfo', Object(SensitiveParameterValue), NULL)
#1 C:\xampp\htdocs\research\vendor\yiisoft\yii2\db\Connection.php(637): yii\db\Connection->createPdoInstance()
#2 C:\xampp\htdocs\research\vendor\yiisoft\yii2\db\Connection.php(1067): yii\db\Connection->open()
#3 C:\xampp\htdocs\research\vendor\yiisoft\yii2\db\Connection.php(1054): yii\db\Connection->getMasterPdo()
#4 C:\xampp\htdocs\research\vendor\yiisoft\yii2\db\Command.php(261): yii\db\Connection->getSlavePdo(true)
#5 C:\xampp\htdocs\research\vendor\yiisoft\yii2\db\Command.php(1181): yii\db\Command->prepare(true)
#6 C:\xampp\htdocs\research\vendor\yiisoft\yii2\db\Command.php(417): yii\db\Command->queryInternal('fetchAll', NULL)
#7 C:\xampp\htdocs\research\vendor\yiisoft\yii2\db\mysql\Schema.php(366): yii\db\Command->queryAll()
#8 C:\xampp\htdocs\research\vendor\yiisoft\yii2\db\mysql\Schema.php(134): yii\db\mysql\Schema->findColumns(Object(yii\db\TableSchema))
#9 C:\xampp\htdocs\research\vendor\yiisoft\yii2\db\Schema.php(756): yii\db\mysql\Schema->loadTableSchema('tb_utilization')
#10 C:\xampp\htdocs\research\vendor\yiisoft\yii2\db\Schema.php(192): yii\db\Schema->getTableMetadata('tb_utilization', 'schema', false)
#11 C:\xampp\htdocs\research\vendor\yiisoft\yii2\db\ActiveRecord.php(445): yii\db\Schema->getTableSchema('tb_utilization')
#12 C:\xampp\htdocs\research\vendor\yiisoft\yii2\db\ActiveRecord.php(479): yii\db\ActiveRecord::getTableSchema()
#13 C:\xampp\htdocs\research\vendor\yiisoft\yii2\db\BaseActiveRecord.php(498): yii\db\ActiveRecord->attributes()
#14 C:\xampp\htdocs\research\vendor\yiisoft\yii2\db\BaseActiveRecord.php(289): yii\db\BaseActiveRecord->hasAttribute('utilization_id')
#15 C:\xampp\htdocs\research\vendor\yiisoft\yii2\validators\Validator.php(257): yii\db\BaseActiveRecord->__get('utilization_id')
#16 C:\xampp\htdocs\research\vendor\yiisoft\yii2\base\Model.php(389): yii\validators\Validator->validateAttributes(Object(app\models\UtilizationSearch), Array)
#17 C:\xampp\htdocs\research\models\UtilizationSearch.php(53): yii\base\Model->validate()
#18 C:\xampp\htdocs\research\controllers\UtilizationController.php(78): app\models\UtilizationSearch->search(Array)
#19 [internal function]: app\controllers\UtilizationController->actionIndex()
#20 C:\xampp\htdocs\research\vendor\yiisoft\yii2\base\InlineAction.php(60): call_user_func_array(Array, Array)
#21 C:\xampp\htdocs\research\vendor\yiisoft\yii2\base\Controller.php(184): yii\base\InlineAction->runWithParams(Array)
#22 C:\xampp\htdocs\research\vendor\yiisoft\yii2\base\Module.php(555): yii\base\Controller->runAction('', Array)
#23 C:\xampp\htdocs\research\vendor\yiisoft\yii2\web\Application.php(103): yii\base\Module->runAction('utilization', Array)
#24 C:\xampp\htdocs\research\vendor\yiisoft\yii2\base\Application.php(387): yii\web\Application->handleRequest(Object(yii\web\Request))
#25 C:\xampp\htdocs\research\web\index.php(12): yii\base\Application->run()
#26 {main}

Next yii\db\Exception: SQLSTATE[HY000] [1045] Access denied for user 'lascinfo'@'localhost' (using password: YES) in C:\xampp\htdocs\research\vendor\yiisoft\yii2\db\Connection.php:648
Stack trace:
#0 C:\xampp\htdocs\research\vendor\yiisoft\yii2\db\Connection.php(1067): yii\db\Connection->open()
#1 C:\xampp\htdocs\research\vendor\yiisoft\yii2\db\Connection.php(1054): yii\db\Connection->getMasterPdo()
#2 C:\xampp\htdocs\research\vendor\yiisoft\yii2\db\Command.php(261): yii\db\Connection->getSlavePdo(true)
#3 C:\xampp\htdocs\research\vendor\yiisoft\yii2\db\Command.php(1181): yii\db\Command->prepare(true)
#4 C:\xampp\htdocs\research\vendor\yiisoft\yii2\db\Command.php(417): yii\db\Command->queryInternal('fetchAll', NULL)
#5 C:\xampp\htdocs\research\vendor\yiisoft\yii2\db\mysql\Schema.php(366): yii\db\Command->queryAll()
#6 C:\xampp\htdocs\research\vendor\yiisoft\yii2\db\mysql\Schema.php(134): yii\db\mysql\Schema->findColumns(Object(yii\db\TableSchema))
#7 C:\xampp\htdocs\research\vendor\yiisoft\yii2\db\Schema.php(756): yii\db\mysql\Schema->loadTableSchema('tb_utilization')
#8 C:\xampp\htdocs\research\vendor\yiisoft\yii2\db\Schema.php(192): yii\db\Schema->getTableMetadata('tb_utilization', 'schema', false)
#9 C:\xampp\htdocs\research\vendor\yiisoft\yii2\db\ActiveRecord.php(445): yii\db\Schema->getTableSchema('tb_utilization')
#10 C:\xampp\htdocs\research\vendor\yiisoft\yii2\db\ActiveRecord.php(479): yii\db\ActiveRecord::getTableSchema()
#11 C:\xampp\htdocs\research\vendor\yiisoft\yii2\db\BaseActiveRecord.php(498): yii\db\ActiveRecord->attributes()
#12 C:\xampp\htdocs\research\vendor\yiisoft\yii2\db\BaseActiveRecord.php(289): yii\db\BaseActiveRecord->hasAttribute('utilization_id')
#13 C:\xampp\htdocs\research\vendor\yiisoft\yii2\validators\Validator.php(257): yii\db\BaseActiveRecord->__get('utilization_id')
#14 C:\xampp\htdocs\research\vendor\yiisoft\yii2\base\Model.php(389): yii\validators\Validator->validateAttributes(Object(app\models\UtilizationSearch), Array)
#15 C:\xampp\htdocs\research\models\UtilizationSearch.php(53): yii\base\Model->validate()
#16 C:\xampp\htdocs\research\controllers\UtilizationController.php(78): app\models\UtilizationSearch->search(Array)
#17 [internal function]: app\controllers\UtilizationController->actionIndex()
#18 C:\xampp\htdocs\research\vendor\yiisoft\yii2\base\InlineAction.php(60): call_user_func_array(Array, Array)
#19 C:\xampp\htdocs\research\vendor\yiisoft\yii2\base\Controller.php(184): yii\base\InlineAction->runWithParams(Array)
#20 C:\xampp\htdocs\research\vendor\yiisoft\yii2\base\Module.php(555): yii\base\Controller->runAction('', Array)
#21 C:\xampp\htdocs\research\vendor\yiisoft\yii2\web\Application.php(103): yii\base\Module->runAction('utilization', Array)
#22 C:\xampp\htdocs\research\vendor\yiisoft\yii2\base\Application.php(387): yii\web\Application->handleRequest(Object(yii\web\Request))
#23 C:\xampp\htdocs\research\web\index.php(12): yii\base\Application->run()
#24 {main}
Additional Information:
Array
(
    [0] => HY000
    [1] => 1045
    [2] => Access denied for user 'lascinfo'@'localhost' (using password: YES)
)

2025-10-31 08:19:17 [::1][-][8taqt6ea79uqlrsvtn5jdqu5mt][info][application] $_GET = []

$_POST = []

$_FILES = []

$_COOKIE = [
    '_csrf' => '27e980f9cd5d093edf7d4d6777753f6edae758ea3dda693b67122c70edfb9cafa:2:{i:0;s:5:\"_csrf\";i:1;s:32:\"3CsQEHG-Nh2DHunnW9kjAF25EFCanx6-\";}'
    'research-ssid' => '8taqt6ea79uqlrsvtn5jdqu5mt'
]

$_SESSION = [
    '__flash' => []
]

$_SERVER = [
    'REDIRECT_REDIRECT_MIBDIRS' => 'C:/xampp/php/extras/mibs'
    'REDIRECT_REDIRECT_MYSQL_HOME' => '\\xampp\\mysql\\bin'
    'REDIRECT_REDIRECT_OPENSSL_CONF' => 'C:/xampp/apache/bin/openssl.cnf'
    'REDIRECT_REDIRECT_PHP_PEAR_SYSCONF_DIR' => '\\xampp\\php'
    'REDIRECT_REDIRECT_PHPRC' => '\\xampp\\php'
    'REDIRECT_REDIRECT_TMP' => '\\xampp\\tmp'
    'REDIRECT_REDIRECT_STATUS' => '200'
    'REDIRECT_MIBDIRS' => 'C:/xampp/php/extras/mibs'
    'REDIRECT_MYSQL_HOME' => '\\xampp\\mysql\\bin'
    'REDIRECT_OPENSSL_CONF' => 'C:/xampp/apache/bin/openssl.cnf'
    'REDIRECT_PHP_PEAR_SYSCONF_DIR' => '\\xampp\\php'
    'REDIRECT_PHPRC' => '\\xampp\\php'
    'REDIRECT_TMP' => '\\xampp\\tmp'
    'REDIRECT_STATUS' => '200'
    'MIBDIRS' => 'C:/xampp/php/extras/mibs'
    'MYSQL_HOME' => '\\xampp\\mysql\\bin'
    'OPENSSL_CONF' => 'C:/xampp/apache/bin/openssl.cnf'
    'PHP_PEAR_SYSCONF_DIR' => '\\xampp\\php'
    'PHPRC' => '\\xampp\\php'
    'TMP' => '\\xampp\\tmp'
    'HTTP_HOST' => 'localhost'
    'HTTP_CONNECTION' => 'keep-alive'
    'HTTP_SEC_CH_UA' => '\"Microsoft Edge\";v=\"141\", \"Not?A_Brand\";v=\"8\", \"Chromium\";v=\"141\"'
    'HTTP_SEC_CH_UA_MOBILE' => '?0'
    'HTTP_SEC_CH_UA_PLATFORM' => '\"Windows\"'
    'HTTP_UPGRADE_INSECURE_REQUESTS' => '1'
    'HTTP_USER_AGENT' => 'Mozilla/5.0 (Windows NT 10.0; Win64; x64) AppleWebKit/537.36 (KHTML, like Gecko) Chrome/141.0.0.0 Safari/537.36 Edg/141.0.0.0'
    'HTTP_ACCEPT' => 'text/html,application/xhtml+xml,application/xml;q=0.9,image/avif,image/webp,image/apng,*/*;q=0.8,application/signed-exchange;v=b3;q=0.7'
    'HTTP_SEC_FETCH_SITE' => 'same-origin'
    'HTTP_SEC_FETCH_MODE' => 'navigate'
    'HTTP_SEC_FETCH_USER' => '?1'
    'HTTP_SEC_FETCH_DEST' => 'document'
    'HTTP_REFERER' => 'http://localhost/research/'
    'HTTP_ACCEPT_ENCODING' => 'gzip, deflate, br, zstd'
    'HTTP_ACCEPT_LANGUAGE' => 'en-US,en;q=0.9,th;q=0.8'
    'HTTP_COOKIE' => '_csrf=27e980f9cd5d093edf7d4d6777753f6edae758ea3dda693b67122c70edfb9cafa%3A2%3A%7Bi%3A0%3Bs%3A5%3A%22_csrf%22%3Bi%3A1%3Bs%3A32%3A%223CsQEHG-Nh2DHunnW9kjAF25EFCanx6-%22%3B%7D; research-ssid=8taqt6ea79uqlrsvtn5jdqu5mt'
    'PATH' => 'C:\\Python313\\Scripts\\;C:\\Python313\\;C:\\Windows\\system32;C:\\Windows;C:\\Windows\\System32\\Wbem;C:\\Windows\\System32\\WindowsPowerShell\\v1.0\\;C:\\Windows\\System32\\OpenSSH\\;C:\\ProgramData\\chocolatey\\bin;C:\\xampp\\php;C:\\ProgramData\\ComposerSetup\\bin;C:\\Program Files\\Git\\cmd;C:\\Program Files\\nodejs\\;C:\\Users\\teera\\AppData\\Local\\Microsoft\\WindowsApps;C:\\Users\\teera\\AppData\\Local\\Programs\\Microsoft VS Code\\bin;C:\\Users\\teera\\AppData\\Roaming\\Composer\\vendor\\bin;C:\\Users\\teera\\AppData\\Local\\GitHubDesktop\\bin;C:\\Users\\teera\\AppData\\Roaming\\npm'
    'SystemRoot' => 'C:\\Windows'
    'COMSPEC' => 'C:\\Windows\\system32\\cmd.exe'
    'PATHEXT' => '.COM;.EXE;.BAT;.CMD;.VBS;.VBE;.JS;.JSE;.WSF;.WSH;.MSC;.PY;.PYW'
    'WINDIR' => 'C:\\Windows'
    'SERVER_SIGNATURE' => '<address>Apache/2.4.58 (Win64) OpenSSL/3.1.3 PHP/8.2.12 Server at localhost Port 80</address>
'
    'SERVER_SOFTWARE' => 'Apache/2.4.58 (Win64) OpenSSL/3.1.3 PHP/8.2.12'
    'SERVER_NAME' => 'localhost'
    'SERVER_ADDR' => '::1'
    'SERVER_PORT' => '80'
    'REMOTE_ADDR' => '::1'
    'DOCUMENT_ROOT' => 'C:/xampp/htdocs'
    'REQUEST_SCHEME' => 'http'
    'CONTEXT_PREFIX' => ''
    'CONTEXT_DOCUMENT_ROOT' => 'C:/xampp/htdocs'
    'SERVER_ADMIN' => 'postmaster@localhost'
    'SCRIPT_FILENAME' => 'C:/xampp/htdocs/research/web/index.php'
    'REMOTE_PORT' => '64899'
    'REDIRECT_URL' => '/research/web/utilization'
    'GATEWAY_INTERFACE' => 'CGI/1.1'
    'SERVER_PROTOCOL' => 'HTTP/1.1'
    'REQUEST_METHOD' => 'GET'
    'QUERY_STRING' => ''
    'REQUEST_URI' => '/research/utilization'
    'SCRIPT_NAME' => '/research/web/index.php'
    'PHP_SELF' => '/research/web/index.php'
    'REQUEST_TIME_FLOAT' => 1761895157.0987
    'REQUEST_TIME' => 1761895157
]
2025-10-31 08:19:23 [::1][-][8taqt6ea79uqlrsvtn5jdqu5mt][error][yii\db\Exception] PDOException: SQLSTATE[HY000] [1045] Access denied for user 'lascinfo'@'localhost' (using password: YES) in C:\xampp\htdocs\research\vendor\yiisoft\yii2\db\Connection.php:722
Stack trace:
#0 C:\xampp\htdocs\research\vendor\yiisoft\yii2\db\Connection.php(722): PDO->__construct('mysql:host=loca...', 'lascinfo', Object(SensitiveParameterValue), NULL)
#1 C:\xampp\htdocs\research\vendor\yiisoft\yii2\db\Connection.php(637): yii\db\Connection->createPdoInstance()
#2 C:\xampp\htdocs\research\vendor\yiisoft\yii2\db\Connection.php(1067): yii\db\Connection->open()
#3 C:\xampp\htdocs\research\vendor\yiisoft\yii2\db\Connection.php(1054): yii\db\Connection->getMasterPdo()
#4 C:\xampp\htdocs\research\vendor\yiisoft\yii2\db\Command.php(261): yii\db\Connection->getSlavePdo(true)
#5 C:\xampp\htdocs\research\vendor\yiisoft\yii2\db\Command.php(1181): yii\db\Command->prepare(true)
#6 C:\xampp\htdocs\research\vendor\yiisoft\yii2\db\Command.php(417): yii\db\Command->queryInternal('fetchAll', NULL)
#7 C:\xampp\htdocs\research\vendor\yiisoft\yii2\db\mysql\Schema.php(366): yii\db\Command->queryAll()
#8 C:\xampp\htdocs\research\vendor\yiisoft\yii2\db\mysql\Schema.php(134): yii\db\mysql\Schema->findColumns(Object(yii\db\TableSchema))
#9 C:\xampp\htdocs\research\vendor\yiisoft\yii2\db\Schema.php(756): yii\db\mysql\Schema->loadTableSchema('tb_user')
#10 C:\xampp\htdocs\research\vendor\yiisoft\yii2\db\Schema.php(192): yii\db\Schema->getTableMetadata('tb_user', 'schema', false)
#11 C:\xampp\htdocs\research\vendor\yiisoft\yii2\db\ActiveRecord.php(445): yii\db\Schema->getTableSchema('tb_user')
#12 C:\xampp\htdocs\research\vendor\yiisoft\yii2\db\ActiveRecord.php(479): yii\db\ActiveRecord::getTableSchema()
#13 C:\xampp\htdocs\research\vendor\yiisoft\yii2\db\BaseActiveRecord.php(498): yii\db\ActiveRecord->attributes()
#14 C:\xampp\htdocs\research\vendor\yiisoft\yii2\db\BaseActiveRecord.php(289): yii\db\BaseActiveRecord->hasAttribute('uid')
#15 C:\xampp\htdocs\research\vendor\yiisoft\yii2\validators\Validator.php(257): yii\db\BaseActiveRecord->__get('uid')
#16 C:\xampp\htdocs\research\vendor\yiisoft\yii2\base\Model.php(389): yii\validators\Validator->validateAttributes(Object(app\models\AccountSearch), Array)
#17 C:\xampp\htdocs\research\models\AccountSearch.php(54): yii\base\Model->validate()
#18 C:\xampp\htdocs\research\controllers\AccountController.php(84): app\models\AccountSearch->search(Array)
#19 [internal function]: app\controllers\AccountController->actionIndex()
#20 C:\xampp\htdocs\research\vendor\yiisoft\yii2\base\InlineAction.php(60): call_user_func_array(Array, Array)
#21 C:\xampp\htdocs\research\vendor\yiisoft\yii2\base\Controller.php(184): yii\base\InlineAction->runWithParams(Array)
#22 C:\xampp\htdocs\research\vendor\yiisoft\yii2\base\Module.php(555): yii\base\Controller->runAction('', Array)
#23 C:\xampp\htdocs\research\vendor\yiisoft\yii2\web\Application.php(103): yii\base\Module->runAction('account', Array)
#24 C:\xampp\htdocs\research\vendor\yiisoft\yii2\base\Application.php(387): yii\web\Application->handleRequest(Object(yii\web\Request))
#25 C:\xampp\htdocs\research\web\index.php(12): yii\base\Application->run()
#26 {main}

Next yii\db\Exception: SQLSTATE[HY000] [1045] Access denied for user 'lascinfo'@'localhost' (using password: YES) in C:\xampp\htdocs\research\vendor\yiisoft\yii2\db\Connection.php:648
Stack trace:
#0 C:\xampp\htdocs\research\vendor\yiisoft\yii2\db\Connection.php(1067): yii\db\Connection->open()
#1 C:\xampp\htdocs\research\vendor\yiisoft\yii2\db\Connection.php(1054): yii\db\Connection->getMasterPdo()
#2 C:\xampp\htdocs\research\vendor\yiisoft\yii2\db\Command.php(261): yii\db\Connection->getSlavePdo(true)
#3 C:\xampp\htdocs\research\vendor\yiisoft\yii2\db\Command.php(1181): yii\db\Command->prepare(true)
#4 C:\xampp\htdocs\research\vendor\yiisoft\yii2\db\Command.php(417): yii\db\Command->queryInternal('fetchAll', NULL)
#5 C:\xampp\htdocs\research\vendor\yiisoft\yii2\db\mysql\Schema.php(366): yii\db\Command->queryAll()
#6 C:\xampp\htdocs\research\vendor\yiisoft\yii2\db\mysql\Schema.php(134): yii\db\mysql\Schema->findColumns(Object(yii\db\TableSchema))
#7 C:\xampp\htdocs\research\vendor\yiisoft\yii2\db\Schema.php(756): yii\db\mysql\Schema->loadTableSchema('tb_user')
#8 C:\xampp\htdocs\research\vendor\yiisoft\yii2\db\Schema.php(192): yii\db\Schema->getTableMetadata('tb_user', 'schema', false)
#9 C:\xampp\htdocs\research\vendor\yiisoft\yii2\db\ActiveRecord.php(445): yii\db\Schema->getTableSchema('tb_user')
#10 C:\xampp\htdocs\research\vendor\yiisoft\yii2\db\ActiveRecord.php(479): yii\db\ActiveRecord::getTableSchema()
#11 C:\xampp\htdocs\research\vendor\yiisoft\yii2\db\BaseActiveRecord.php(498): yii\db\ActiveRecord->attributes()
#12 C:\xampp\htdocs\research\vendor\yiisoft\yii2\db\BaseActiveRecord.php(289): yii\db\BaseActiveRecord->hasAttribute('uid')
#13 C:\xampp\htdocs\research\vendor\yiisoft\yii2\validators\Validator.php(257): yii\db\BaseActiveRecord->__get('uid')
#14 C:\xampp\htdocs\research\vendor\yiisoft\yii2\base\Model.php(389): yii\validators\Validator->validateAttributes(Object(app\models\AccountSearch), Array)
#15 C:\xampp\htdocs\research\models\AccountSearch.php(54): yii\base\Model->validate()
#16 C:\xampp\htdocs\research\controllers\AccountController.php(84): app\models\AccountSearch->search(Array)
#17 [internal function]: app\controllers\AccountController->actionIndex()
#18 C:\xampp\htdocs\research\vendor\yiisoft\yii2\base\InlineAction.php(60): call_user_func_array(Array, Array)
#19 C:\xampp\htdocs\research\vendor\yiisoft\yii2\base\Controller.php(184): yii\base\InlineAction->runWithParams(Array)
#20 C:\xampp\htdocs\research\vendor\yiisoft\yii2\base\Module.php(555): yii\base\Controller->runAction('', Array)
#21 C:\xampp\htdocs\research\vendor\yiisoft\yii2\web\Application.php(103): yii\base\Module->runAction('account', Array)
#22 C:\xampp\htdocs\research\vendor\yiisoft\yii2\base\Application.php(387): yii\web\Application->handleRequest(Object(yii\web\Request))
#23 C:\xampp\htdocs\research\web\index.php(12): yii\base\Application->run()
#24 {main}
Additional Information:
Array
(
    [0] => HY000
    [1] => 1045
    [2] => Access denied for user 'lascinfo'@'localhost' (using password: YES)
)

2025-10-31 08:19:23 [::1][-][8taqt6ea79uqlrsvtn5jdqu5mt][info][application] $_GET = []

$_POST = []

$_FILES = []

$_COOKIE = [
    '_csrf' => '27e980f9cd5d093edf7d4d6777753f6edae758ea3dda693b67122c70edfb9cafa:2:{i:0;s:5:\"_csrf\";i:1;s:32:\"3CsQEHG-Nh2DHunnW9kjAF25EFCanx6-\";}'
    'research-ssid' => '8taqt6ea79uqlrsvtn5jdqu5mt'
]

$_SESSION = [
    '__flash' => []
]

$_SERVER = [
    'REDIRECT_REDIRECT_MIBDIRS' => 'C:/xampp/php/extras/mibs'
    'REDIRECT_REDIRECT_MYSQL_HOME' => '\\xampp\\mysql\\bin'
    'REDIRECT_REDIRECT_OPENSSL_CONF' => 'C:/xampp/apache/bin/openssl.cnf'
    'REDIRECT_REDIRECT_PHP_PEAR_SYSCONF_DIR' => '\\xampp\\php'
    'REDIRECT_REDIRECT_PHPRC' => '\\xampp\\php'
    'REDIRECT_REDIRECT_TMP' => '\\xampp\\tmp'
    'REDIRECT_REDIRECT_STATUS' => '200'
    'REDIRECT_MIBDIRS' => 'C:/xampp/php/extras/mibs'
    'REDIRECT_MYSQL_HOME' => '\\xampp\\mysql\\bin'
    'REDIRECT_OPENSSL_CONF' => 'C:/xampp/apache/bin/openssl.cnf'
    'REDIRECT_PHP_PEAR_SYSCONF_DIR' => '\\xampp\\php'
    'REDIRECT_PHPRC' => '\\xampp\\php'
    'REDIRECT_TMP' => '\\xampp\\tmp'
    'REDIRECT_STATUS' => '200'
    'MIBDIRS' => 'C:/xampp/php/extras/mibs'
    'MYSQL_HOME' => '\\xampp\\mysql\\bin'
    'OPENSSL_CONF' => 'C:/xampp/apache/bin/openssl.cnf'
    'PHP_PEAR_SYSCONF_DIR' => '\\xampp\\php'
    'PHPRC' => '\\xampp\\php'
    'TMP' => '\\xampp\\tmp'
    'HTTP_HOST' => 'localhost'
    'HTTP_CONNECTION' => 'keep-alive'
    'HTTP_SEC_CH_UA' => '\"Microsoft Edge\";v=\"141\", \"Not?A_Brand\";v=\"8\", \"Chromium\";v=\"141\"'
    'HTTP_SEC_CH_UA_MOBILE' => '?0'
    'HTTP_SEC_CH_UA_PLATFORM' => '\"Windows\"'
    'HTTP_UPGRADE_INSECURE_REQUESTS' => '1'
    'HTTP_USER_AGENT' => 'Mozilla/5.0 (Windows NT 10.0; Win64; x64) AppleWebKit/537.36 (KHTML, like Gecko) Chrome/141.0.0.0 Safari/537.36 Edg/141.0.0.0'
    'HTTP_ACCEPT' => 'text/html,application/xhtml+xml,application/xml;q=0.9,image/avif,image/webp,image/apng,*/*;q=0.8,application/signed-exchange;v=b3;q=0.7'
    'HTTP_SEC_FETCH_SITE' => 'same-origin'
    'HTTP_SEC_FETCH_MODE' => 'navigate'
    'HTTP_SEC_FETCH_USER' => '?1'
    'HTTP_SEC_FETCH_DEST' => 'document'
    'HTTP_REFERER' => 'http://localhost/research/'
    'HTTP_ACCEPT_ENCODING' => 'gzip, deflate, br, zstd'
    'HTTP_ACCEPT_LANGUAGE' => 'en-US,en;q=0.9,th;q=0.8'
    'HTTP_COOKIE' => '_csrf=27e980f9cd5d093edf7d4d6777753f6edae758ea3dda693b67122c70edfb9cafa%3A2%3A%7Bi%3A0%3Bs%3A5%3A%22_csrf%22%3Bi%3A1%3Bs%3A32%3A%223CsQEHG-Nh2DHunnW9kjAF25EFCanx6-%22%3B%7D; research-ssid=8taqt6ea79uqlrsvtn5jdqu5mt'
    'PATH' => 'C:\\Python313\\Scripts\\;C:\\Python313\\;C:\\Windows\\system32;C:\\Windows;C:\\Windows\\System32\\Wbem;C:\\Windows\\System32\\WindowsPowerShell\\v1.0\\;C:\\Windows\\System32\\OpenSSH\\;C:\\ProgramData\\chocolatey\\bin;C:\\xampp\\php;C:\\ProgramData\\ComposerSetup\\bin;C:\\Program Files\\Git\\cmd;C:\\Program Files\\nodejs\\;C:\\Users\\teera\\AppData\\Local\\Microsoft\\WindowsApps;C:\\Users\\teera\\AppData\\Local\\Programs\\Microsoft VS Code\\bin;C:\\Users\\teera\\AppData\\Roaming\\Composer\\vendor\\bin;C:\\Users\\teera\\AppData\\Local\\GitHubDesktop\\bin;C:\\Users\\teera\\AppData\\Roaming\\npm'
    'SystemRoot' => 'C:\\Windows'
    'COMSPEC' => 'C:\\Windows\\system32\\cmd.exe'
    'PATHEXT' => '.COM;.EXE;.BAT;.CMD;.VBS;.VBE;.JS;.JSE;.WSF;.WSH;.MSC;.PY;.PYW'
    'WINDIR' => 'C:\\Windows'
    'SERVER_SIGNATURE' => '<address>Apache/2.4.58 (Win64) OpenSSL/3.1.3 PHP/8.2.12 Server at localhost Port 80</address>
'
    'SERVER_SOFTWARE' => 'Apache/2.4.58 (Win64) OpenSSL/3.1.3 PHP/8.2.12'
    'SERVER_NAME' => 'localhost'
    'SERVER_ADDR' => '::1'
    'SERVER_PORT' => '80'
    'REMOTE_ADDR' => '::1'
    'DOCUMENT_ROOT' => 'C:/xampp/htdocs'
    'REQUEST_SCHEME' => 'http'
    'CONTEXT_PREFIX' => ''
    'CONTEXT_DOCUMENT_ROOT' => 'C:/xampp/htdocs'
    'SERVER_ADMIN' => 'postmaster@localhost'
    'SCRIPT_FILENAME' => 'C:/xampp/htdocs/research/web/index.php'
    'REMOTE_PORT' => '51998'
    'REDIRECT_URL' => '/research/web/account'
    'GATEWAY_INTERFACE' => 'CGI/1.1'
    'SERVER_PROTOCOL' => 'HTTP/1.1'
    'REQUEST_METHOD' => 'GET'
    'QUERY_STRING' => ''
    'REQUEST_URI' => '/research/account'
    'SCRIPT_NAME' => '/research/web/index.php'
    'PHP_SELF' => '/research/web/index.php'
    'REQUEST_TIME_FLOAT' => 1761895163.0571
    'REQUEST_TIME' => 1761895163
]
2025-10-31 08:48:34 [::1][-][8taqt6ea79uqlrsvtn5jdqu5mt][error][yii\web\HttpException:404] yii\base\InvalidRouteException: Unable to resolve the request "template/berry/js/icon/custom-font.js". in C:\xampp\htdocs\research\vendor\yiisoft\yii2\base\Module.php:564
Stack trace:
#0 C:\xampp\htdocs\research\vendor\yiisoft\yii2\web\Application.php(103): yii\base\Module->runAction('template/berry/...', Array)
#1 C:\xampp\htdocs\research\vendor\yiisoft\yii2\base\Application.php(387): yii\web\Application->handleRequest(Object(yii\web\Request))
#2 C:\xampp\htdocs\research\web\index.php(12): yii\base\Application->run()
#3 {main}

Next yii\web\NotFoundHttpException: Page not found. in C:\xampp\htdocs\research\vendor\yiisoft\yii2\web\Application.php:115
Stack trace:
#0 C:\xampp\htdocs\research\vendor\yiisoft\yii2\base\Application.php(387): yii\web\Application->handleRequest(Object(yii\web\Request))
#1 C:\xampp\htdocs\research\web\index.php(12): yii\base\Application->run()
#2 {main}
2025-10-31 08:48:34 [::1][-][8taqt6ea79uqlrsvtn5jdqu5mt][info][application] $_GET = []

$_POST = []

$_FILES = []

$_COOKIE = [
    '_csrf' => '27e980f9cd5d093edf7d4d6777753f6edae758ea3dda693b67122c70edfb9cafa:2:{i:0;s:5:\"_csrf\";i:1;s:32:\"3CsQEHG-Nh2DHunnW9kjAF25EFCanx6-\";}'
    'research-ssid' => '8taqt6ea79uqlrsvtn5jdqu5mt'
]

$_SESSION = [
    '__flash' => []
]

$_SERVER = [
    'REDIRECT_REDIRECT_MIBDIRS' => 'C:/xampp/php/extras/mibs'
    'REDIRECT_REDIRECT_MYSQL_HOME' => '\\xampp\\mysql\\bin'
    'REDIRECT_REDIRECT_OPENSSL_CONF' => 'C:/xampp/apache/bin/openssl.cnf'
    'REDIRECT_REDIRECT_PHP_PEAR_SYSCONF_DIR' => '\\xampp\\php'
    'REDIRECT_REDIRECT_PHPRC' => '\\xampp\\php'
    'REDIRECT_REDIRECT_TMP' => '\\xampp\\tmp'
    'REDIRECT_REDIRECT_STATUS' => '200'
    'REDIRECT_MIBDIRS' => 'C:/xampp/php/extras/mibs'
    'REDIRECT_MYSQL_HOME' => '\\xampp\\mysql\\bin'
    'REDIRECT_OPENSSL_CONF' => 'C:/xampp/apache/bin/openssl.cnf'
    'REDIRECT_PHP_PEAR_SYSCONF_DIR' => '\\xampp\\php'
    'REDIRECT_PHPRC' => '\\xampp\\php'
    'REDIRECT_TMP' => '\\xampp\\tmp'
    'REDIRECT_STATUS' => '200'
    'MIBDIRS' => 'C:/xampp/php/extras/mibs'
    'MYSQL_HOME' => '\\xampp\\mysql\\bin'
    'OPENSSL_CONF' => 'C:/xampp/apache/bin/openssl.cnf'
    'PHP_PEAR_SYSCONF_DIR' => '\\xampp\\php'
    'PHPRC' => '\\xampp\\php'
    'TMP' => '\\xampp\\tmp'
    'HTTP_HOST' => 'localhost'
    'HTTP_CONNECTION' => 'keep-alive'
    'HTTP_SEC_CH_UA_PLATFORM' => '\"Windows\"'
    'HTTP_USER_AGENT' => 'Mozilla/5.0 (Windows NT 10.0; Win64; x64) AppleWebKit/537.36 (KHTML, like Gecko) Chrome/141.0.0.0 Safari/537.36 Edg/141.0.0.0'
    'HTTP_SEC_CH_UA' => '\"Microsoft Edge\";v=\"141\", \"Not?A_Brand\";v=\"8\", \"Chromium\";v=\"141\"'
    'HTTP_SEC_CH_UA_MOBILE' => '?0'
    'HTTP_ACCEPT' => '*/*'
    'HTTP_SEC_FETCH_SITE' => 'same-origin'
    'HTTP_SEC_FETCH_MODE' => 'no-cors'
    'HTTP_SEC_FETCH_DEST' => 'script'
    'HTTP_REFERER' => 'http://localhost/research/'
    'HTTP_ACCEPT_ENCODING' => 'gzip, deflate, br, zstd'
    'HTTP_ACCEPT_LANGUAGE' => 'en-US,en;q=0.9,th;q=0.8'
    'HTTP_COOKIE' => '_csrf=27e980f9cd5d093edf7d4d6777753f6edae758ea3dda693b67122c70edfb9cafa%3A2%3A%7Bi%3A0%3Bs%3A5%3A%22_csrf%22%3Bi%3A1%3Bs%3A32%3A%223CsQEHG-Nh2DHunnW9kjAF25EFCanx6-%22%3B%7D; research-ssid=8taqt6ea79uqlrsvtn5jdqu5mt'
    'PATH' => 'C:\\Python313\\Scripts\\;C:\\Python313\\;C:\\Windows\\system32;C:\\Windows;C:\\Windows\\System32\\Wbem;C:\\Windows\\System32\\WindowsPowerShell\\v1.0\\;C:\\Windows\\System32\\OpenSSH\\;C:\\ProgramData\\chocolatey\\bin;C:\\xampp\\php;C:\\ProgramData\\ComposerSetup\\bin;C:\\Program Files\\Git\\cmd;C:\\Program Files\\nodejs\\;C:\\Users\\teera\\AppData\\Local\\Microsoft\\WindowsApps;C:\\Users\\teera\\AppData\\Local\\Programs\\Microsoft VS Code\\bin;C:\\Users\\teera\\AppData\\Roaming\\Composer\\vendor\\bin;C:\\Users\\teera\\AppData\\Local\\GitHubDesktop\\bin;C:\\Users\\teera\\AppData\\Roaming\\npm'
    'SystemRoot' => 'C:\\Windows'
    'COMSPEC' => 'C:\\Windows\\system32\\cmd.exe'
    'PATHEXT' => '.COM;.EXE;.BAT;.CMD;.VBS;.VBE;.JS;.JSE;.WSF;.WSH;.MSC;.PY;.PYW'
    'WINDIR' => 'C:\\Windows'
    'SERVER_SIGNATURE' => '<address>Apache/2.4.58 (Win64) OpenSSL/3.1.3 PHP/8.2.12 Server at localhost Port 80</address>
'
    'SERVER_SOFTWARE' => 'Apache/2.4.58 (Win64) OpenSSL/3.1.3 PHP/8.2.12'
    'SERVER_NAME' => 'localhost'
    'SERVER_ADDR' => '::1'
    'SERVER_PORT' => '80'
    'REMOTE_ADDR' => '::1'
    'DOCUMENT_ROOT' => 'C:/xampp/htdocs'
    'REQUEST_SCHEME' => 'http'
    'CONTEXT_PREFIX' => ''
    'CONTEXT_DOCUMENT_ROOT' => 'C:/xampp/htdocs'
    'SERVER_ADMIN' => 'postmaster@localhost'
    'SCRIPT_FILENAME' => 'C:/xampp/htdocs/research/web/index.php'
    'REMOTE_PORT' => '61356'
    'REDIRECT_URL' => '/research/web/template/berry/js/icon/custom-font.js'
    'GATEWAY_INTERFACE' => 'CGI/1.1'
    'SERVER_PROTOCOL' => 'HTTP/1.1'
    'REQUEST_METHOD' => 'GET'
    'QUERY_STRING' => ''
    'REQUEST_URI' => '/research/template/berry/js/icon/custom-font.js'
    'SCRIPT_NAME' => '/research/web/index.php'
    'PHP_SELF' => '/research/web/index.php'
    'REQUEST_TIME_FLOAT' => 1761896914.7779
    'REQUEST_TIME' => 1761896914
]
